[2021-02-27 00:10:16] production.INFO: ............. Job Processing:: App\Listeners\Shop\NotifyMerchantShopIsLive .................  
[2021-02-27 00:10:16] production.INFO: array (
  'payload' => 
  array (
    'displayName' => 'App\\Listeners\\Shop\\NotifyMerchantShopIsLive',
    'job' => 'Illuminate\\Queue\\CallQueuedHandler@call',
    'maxTries' => 5,
    'timeout' => NULL,
    'timeoutAt' => NULL,
    'data' => 
    array (
      'commandName' => 'Illuminate\\Events\\CallQueuedListener',
      'command' => 'O:36:"Illuminate\\Events\\CallQueuedListener":7:{s:5:"class";s:43:"App\\Listeners\\Shop\\NotifyMerchantShopIsLive";s:6:"method";s:6:"handle";s:4:"data";a:1:{i:0;O:26:"App\\Events\\Shop\\ShopIsLive":1:{s:4:"shop";O:45:"Illuminate\\Contracts\\Database\\ModelIdentifier":4:{s:5:"class";s:8:"App\\Shop";s:2:"id";i:61;s:9:"relations";a:0:{}s:10:"connection";s:5:"mysql";}}}s:5:"tries";i:5;s:9:"timeoutAt";N;s:7:"timeout";N;s:6:"' . "\0" . '*' . "\0" . 'job";N;}',
    ),
  ),
)  
[2021-02-27 00:10:16] production.INFO: ............. Job Processing:: App\Notifications\Shop\ShopIsLive .................  
[2021-02-27 00:10:16] production.INFO: array (
  'payload' => 
  array (
    'displayName' => 'App\\Notifications\\Shop\\ShopIsLive',
    'job' => 'Illuminate\\Queue\\CallQueuedHandler@call',
    'maxTries' => NULL,
    'timeout' => NULL,
    'timeoutAt' => NULL,
    'data' => 
    array (
      'commandName' => 'Illuminate\\Notifications\\SendQueuedNotifications',
      'command' => 'O:48:"Illuminate\\Notifications\\SendQueuedNotifications":11:{s:11:"notifiables";O:45:"Illuminate\\Contracts\\Database\\ModelIdentifier":4:{s:5:"class";s:8:"App\\User";s:2:"id";i:64;s:9:"relations";a:0:{}s:10:"connection";s:5:"mysql";}s:12:"notification";O:33:"App\\Notifications\\Shop\\ShopIsLive":9:{s:4:"shop";O:45:"Illuminate\\Contracts\\Database\\ModelIdentifier":4:{s:5:"class";s:8:"App\\Shop";s:2:"id";i:61;s:9:"relations";a:1:{i:0;s:5:"owner";}s:10:"connection";s:5:"mysql";}s:2:"id";s:36:"5d082b3f-1e25-45c1-a387-5176e6c3f009";s:6:"locale";N;s:10:"connection";N;s:5:"queue";N;s:15:"chainConnection";N;s:10:"chainQueue";N;s:5:"delay";N;s:7:"chained";a:0:{}}s:8:"channels";a:1:{i:0;s:4:"mail";}s:5:"tries";N;s:7:"timeout";N;s:10:"connection";N;s:5:"queue";N;s:15:"chainConnection";N;s:10:"chainQueue";N;s:5:"delay";N;s:7:"chained";a:0:{}}',
    ),
  ),
)  
[2021-02-27 00:10:16] production.INFO: ......................... Job Processed Successfully .............................  
[2021-02-27 00:10:16] production.INFO: ............. Job Processing:: App\Notifications\Shop\ShopIsLive .................  
[2021-02-27 00:10:16] production.INFO: array (
  'payload' => 
  array (
    'displayName' => 'App\\Notifications\\Shop\\ShopIsLive',
    'job' => 'Illuminate\\Queue\\CallQueuedHandler@call',
    'maxTries' => NULL,
    'timeout' => NULL,
    'timeoutAt' => NULL,
    'data' => 
    array (
      'commandName' => 'Illuminate\\Notifications\\SendQueuedNotifications',
      'command' => 'O:48:"Illuminate\\Notifications\\SendQueuedNotifications":11:{s:11:"notifiables";O:45:"Illuminate\\Contracts\\Database\\ModelIdentifier":4:{s:5:"class";s:8:"App\\User";s:2:"id";i:64;s:9:"relations";a:0:{}s:10:"connection";s:5:"mysql";}s:12:"notification";O:33:"App\\Notifications\\Shop\\ShopIsLive":9:{s:4:"shop";O:45:"Illuminate\\Contracts\\Database\\ModelIdentifier":4:{s:5:"class";s:8:"App\\Shop";s:2:"id";i:61;s:9:"relations";a:1:{i:0;s:5:"owner";}s:10:"connection";s:5:"mysql";}s:2:"id";s:36:"5d082b3f-1e25-45c1-a387-5176e6c3f009";s:6:"locale";N;s:10:"connection";N;s:5:"queue";N;s:15:"chainConnection";N;s:10:"chainQueue";N;s:5:"delay";N;s:7:"chained";a:0:{}}s:8:"channels";a:1:{i:0;s:8:"database";}s:5:"tries";N;s:7:"timeout";N;s:10:"connection";N;s:5:"queue";N;s:15:"chainConnection";N;s:10:"chainQueue";N;s:5:"delay";N;s:7:"chained";a:0:{}}',
    ),
  ),
)  
[2021-02-27 00:10:16] production.INFO: ......................... Job Processed Successfully .............................  
[2021-02-27 00:10:16] production.INFO: ......................... Job Processed Successfully .............................  
[2021-02-27 00:12:44] production.INFO: ............. Job Processing:: App\Notifications\Auth\SendVerificationEmail .................  
[2021-02-27 00:12:44] production.INFO: array (
  'payload' => 
  array (
    'displayName' => 'App\\Notifications\\Auth\\SendVerificationEmail',
    'job' => 'Illuminate\\Queue\\CallQueuedHandler@call',
    'maxTries' => 5,
    'timeout' => NULL,
    'timeoutAt' => NULL,
    'data' => 
    array (
      'commandName' => 'Illuminate\\Notifications\\SendQueuedNotifications',
      'command' => 'O:48:"Illuminate\\Notifications\\SendQueuedNotifications":11:{s:11:"notifiables";O:45:"Illuminate\\Contracts\\Database\\ModelIdentifier":4:{s:5:"class";s:12:"App\\Customer";s:2:"id";i:10;s:9:"relations";a:0:{}s:10:"connection";s:5:"mysql";}s:12:"notification";O:44:"App\\Notifications\\Auth\\SendVerificationEmail":10:{s:5:"tries";i:5;s:4:"user";O:45:"Illuminate\\Contracts\\Database\\ModelIdentifier":4:{s:5:"class";s:12:"App\\Customer";s:2:"id";i:10;s:9:"relations";a:0:{}s:10:"connection";s:5:"mysql";}s:2:"id";s:36:"9f4b6bef-4a82-457f-a85b-bf88bc685dba";s:6:"locale";N;s:10:"connection";N;s:5:"queue";N;s:15:"chainConnection";N;s:10:"chainQueue";N;s:5:"delay";N;s:7:"chained";a:0:{}}s:8:"channels";a:1:{i:0;s:4:"mail";}s:5:"tries";i:5;s:7:"timeout";N;s:10:"connection";N;s:5:"queue";N;s:15:"chainConnection";N;s:10:"chainQueue";N;s:5:"delay";N;s:7:"chained";a:0:{}}',
    ),
  ),
)  
[2021-02-27 00:12:44] production.INFO: ......................... Job Processed Successfully .............................  
