[2021-03-04 09:21:05] production.DEBUG: Message-ID: <edc494fd381bb4bd1301d33115e9d64d@allqart.com>
Date: Thu, 04 Mar 2021 09:21:05 +0530
Subject: Verify your Allqart.com: Online Marketplace account!
From: Surendra Kumar <info@allqart.com>
Reply-To: Reply <reply@allqart.com>
To: Malkshorok12@gmail.com
MIME-Version: 1.0
Content-Type: multipart/alternative;
 boundary="_=_swift_1614829865_a65c4692d849f42848b6cfa359dea03d_=_"

<!DOCTYPE html PUBLIC "-//W3C//DTD XHTML 1.0 Transitional//EN" "http://www.w3.org/TR/xhtml1/DTD/xhtml1-transitional.dtd">
<html xmlns="http://www.w3.org/1999/xhtml">
<head>
<meta name="viewport" content="width=device-width, initial-scale=1.0">
<meta http-equiv="Content-Type" content="text/html; charset=UTF-8">
</head>
<body style="font-family: Avenir, Helvetica, sans-serif; box-sizing: border-box; background-color: #f5f8fa; color: #74787E; height: 100%; hyphens: auto; line-height: 1.4; margin: 0; -moz-hyphens: auto; -ms-word-break: break-all; width: 100% !important; -webkit-hyphens: auto; -webkit-text-size-adjust: none; word-break: break-word;">
    <style>
        @media  only screen and (max-width: 600px) {
            .inner-body {
                width: 100% !important;
            }

            .footer {
                width: 100% !important;
            }
        }

        @media  only screen and (max-width: 500px) {
            .button {
                width: 100% !important;
            }
        }
    </style>
<table class="wrapper" width="100%" cellpadding="0" cellspacing="0" style="font-family: Avenir, Helvetica, sans-serif; box-sizing: border-box; background-color: #f5f8fa; margin: 0; padding: 0; width: 100%; -premailer-cellpadding: 0; -premailer-cellspacing: 0; -premailer-width: 100%;"><tr>
<td align="center" style="font-family: Avenir, Helvetica, sans-serif; box-sizing: border-box;">
                <table class="content" width="100%" cellpadding="0" cellspacing="0" style="font-family: Avenir, Helvetica, sans-serif; box-sizing: border-box; margin: 0; padding: 0; width: 100%; -premailer-cellpadding: 0; -premailer-cellspacing: 0; -premailer-width: 100%;">
<tr>
<td class="header" style="font-family: Avenir, Helvetica, sans-serif; box-sizing: border-box; padding: 25px 0; text-align: center;">
        <a href="https://allqart.com" style="font-family: Avenir, Helvetica, sans-serif; box-sizing: border-box; color: #bbbfc3; font-size: 19px; font-weight: bold; text-decoration: none; text-shadow: 0 1px 0 white;">
            Allqart.com: Online Marketplace
        </a>
    </td>
</tr>
<!-- Email Body --><tr>
<td class="body" width="100%" cellpadding="0" cellspacing="0" style="font-family: Avenir, Helvetica, sans-serif; box-sizing: border-box; background-color: #FFFFFF; border-bottom: 1px solid #EDEFF2; border-top: 1px solid #EDEFF2; margin: 0; padding: 0; width: 100%; -premailer-cellpadding: 0; -premailer-cellspacing: 0; -premailer-width: 100%;">
                            <table class="inner-body" align="center" width="570" cellpadding="0" cellspacing="0" style="font-family: Avenir, Helvetica, sans-serif; box-sizing: border-box; background-color: #FFFFFF; margin: 0 auto; padding: 0; width: 570px; -premailer-cellpadding: 0; -premailer-cellspacing: 0; -premailer-width: 570px;">
<!-- Body content --><tr>
<td class="content-cell" style="font-family: Avenir, Helvetica, sans-serif; box-sizing: border-box; padding: 35px;">
                                        <h1 style="font-family: Avenir, Helvetica, sans-serif; box-sizing: border-box; color: #2F3133; font-size: 19px; font-weight: bold; margin-top: 0; text-align: left;">Congratulation !</h1>
<p style="font-family: Avenir, Helvetica, sans-serif; box-sizing: border-box; color: #74787E; font-size: 16px; line-height: 1.5em; margin-top: 0; text-align: left;">Your account has been created successfully! Click the button below to verify your email address.
<br></p>
<table class="action" align="center" width="100%" cellpadding="0" cellspacing="0" style="font-family: Avenir, Helvetica, sans-serif; box-sizing: border-box; margin: 30px auto; padding: 0; text-align: center; width: 100%; -premailer-cellpadding: 0; -premailer-cellspacing: 0; -premailer-width: 100%;"><tr>
<td align="center" style="font-family: Avenir, Helvetica, sans-serif; box-sizing: border-box;">
            <table width="100%" border="0" cellpadding="0" cellspacing="0" style="font-family: Avenir, Helvetica, sans-serif; box-sizing: border-box;"><tr>
<td align="center" style="font-family: Avenir, Helvetica, sans-serif; box-sizing: border-box;">
                        <table border="0" cellpadding="0" cellspacing="0" style="font-family: Avenir, Helvetica, sans-serif; box-sizing: border-box;"><tr>
<td style="font-family: Avenir, Helvetica, sans-serif; box-sizing: border-box;">
                                    <a href="https://allqart.com/verify/jgA6D3EN6maVdaZXhlNuUHCslxa3ceLlwDGUtxOz" class="button button-blue" target="_blank" style="font-family: Avenir, Helvetica, sans-serif; box-sizing: border-box; border-radius: 3px; box-shadow: 0 2px 3px rgba(0, 0, 0, 0.16); color: #FFF; display: inline-block; text-decoration: none; -webkit-text-size-adjust: none; background-color: #3097D1; border-top: 10px solid #3097D1; border-right: 18px solid #3097D1; border-bottom: 10px solid #3097D1; border-left: 18px solid #3097D1;">Verify My Email</a>
                                </td>
                            </tr></table>
</td>
                </tr></table>
</td>
    </tr></table>
<p style="font-family: Avenir, Helvetica, sans-serif; box-sizing: border-box; color: #74787E; font-size: 16px; line-height: 1.5em; margin-top: 0; text-align: left;">Thanks,<br>
Allqart.com: Online Marketplace</p>

                                        
                                    </td>
                                </tr>
</table>
</td>
                    </tr>
<tr>
<td style="font-family: Avenir, Helvetica, sans-serif; box-sizing: border-box;">
        <table class="footer" align="center" width="570" cellpadding="0" cellspacing="0" style="font-family: Avenir, Helvetica, sans-serif; box-sizing: border-box; margin: 0 auto; padding: 0; text-align: center; width: 570px; -premailer-cellpadding: 0; -premailer-cellspacing: 0; -premailer-width: 570px;"><tr>
<td class="content-cell" align="center" style="font-family: Avenir, Helvetica, sans-serif; box-sizing: border-box; padding: 35px;">
                    <p style="font-family: Avenir, Helvetica, sans-serif; box-sizing: border-box; line-height: 1.5em; margin-top: 0; color: #AEAEAE; font-size: 12px; text-align: center;">© 2021 Allqart.com: Online Marketplace. All rights reserved.</p>
                </td>
            </tr></table>
</td>
</tr>
</table>
</td>
        </tr></table>
</body>
</html>

Content-Type: text/plain; charset=utf-8
Content-Transfer-Encoding: quoted-printable

[Allqart.com: Online Marketplace](https://allqart.com)

#Congratulation !

Your account has been created successfully! Click the button below to verify your email address.

Verify My Email: https://allqart.com/verify/jgA6D3EN6maVdaZXhlNuUHCslxa3ceLlwDGUtxOz

Thanks,
Allqart.com: Online Marketplace

© 2021 Allqart.com: Online Marketplace. All rights reserved.
  
[2021-03-04 09:22:41] production.DEBUG: Message-ID: <4e39235f7cd63cc4e7e16cb03f80d010@allqart.com>
Date: Thu, 04 Mar 2021 09:22:41 +0530
Subject: Verify your Allqart.com: Online Marketplace account!
From: Surendra Kumar <info@allqart.com>
Reply-To: Reply <reply@allqart.com>
To: Malkshorok12@gmail.com
MIME-Version: 1.0
Content-Type: multipart/alternative;
 boundary="_=_swift_1614829961_0dd94ff99ac3e455ba9618172fbb464e_=_"

<!DOCTYPE html PUBLIC "-//W3C//DTD XHTML 1.0 Transitional//EN" "http://www.w3.org/TR/xhtml1/DTD/xhtml1-transitional.dtd">
<html xmlns="http://www.w3.org/1999/xhtml">
<head>
<meta name="viewport" content="width=device-width, initial-scale=1.0">
<meta http-equiv="Content-Type" content="text/html; charset=UTF-8">
</head>
<body style="font-family: Avenir, Helvetica, sans-serif; box-sizing: border-box; background-color: #f5f8fa; color: #74787E; height: 100%; hyphens: auto; line-height: 1.4; margin: 0; -moz-hyphens: auto; -ms-word-break: break-all; width: 100% !important; -webkit-hyphens: auto; -webkit-text-size-adjust: none; word-break: break-word;">
    <style>
        @media  only screen and (max-width: 600px) {
            .inner-body {
                width: 100% !important;
            }

            .footer {
                width: 100% !important;
            }
        }

        @media  only screen and (max-width: 500px) {
            .button {
                width: 100% !important;
            }
        }
    </style>
<table class="wrapper" width="100%" cellpadding="0" cellspacing="0" style="font-family: Avenir, Helvetica, sans-serif; box-sizing: border-box; background-color: #f5f8fa; margin: 0; padding: 0; width: 100%; -premailer-cellpadding: 0; -premailer-cellspacing: 0; -premailer-width: 100%;"><tr>
<td align="center" style="font-family: Avenir, Helvetica, sans-serif; box-sizing: border-box;">
                <table class="content" width="100%" cellpadding="0" cellspacing="0" style="font-family: Avenir, Helvetica, sans-serif; box-sizing: border-box; margin: 0; padding: 0; width: 100%; -premailer-cellpadding: 0; -premailer-cellspacing: 0; -premailer-width: 100%;">
<tr>
<td class="header" style="font-family: Avenir, Helvetica, sans-serif; box-sizing: border-box; padding: 25px 0; text-align: center;">
        <a href="https://allqart.com" style="font-family: Avenir, Helvetica, sans-serif; box-sizing: border-box; color: #bbbfc3; font-size: 19px; font-weight: bold; text-decoration: none; text-shadow: 0 1px 0 white;">
            Allqart.com: Online Marketplace
        </a>
    </td>
</tr>
<!-- Email Body --><tr>
<td class="body" width="100%" cellpadding="0" cellspacing="0" style="font-family: Avenir, Helvetica, sans-serif; box-sizing: border-box; background-color: #FFFFFF; border-bottom: 1px solid #EDEFF2; border-top: 1px solid #EDEFF2; margin: 0; padding: 0; width: 100%; -premailer-cellpadding: 0; -premailer-cellspacing: 0; -premailer-width: 100%;">
                            <table class="inner-body" align="center" width="570" cellpadding="0" cellspacing="0" style="font-family: Avenir, Helvetica, sans-serif; box-sizing: border-box; background-color: #FFFFFF; margin: 0 auto; padding: 0; width: 570px; -premailer-cellpadding: 0; -premailer-cellspacing: 0; -premailer-width: 570px;">
<!-- Body content --><tr>
<td class="content-cell" style="font-family: Avenir, Helvetica, sans-serif; box-sizing: border-box; padding: 35px;">
                                        <h1 style="font-family: Avenir, Helvetica, sans-serif; box-sizing: border-box; color: #2F3133; font-size: 19px; font-weight: bold; margin-top: 0; text-align: left;">Congratulation !</h1>
<p style="font-family: Avenir, Helvetica, sans-serif; box-sizing: border-box; color: #74787E; font-size: 16px; line-height: 1.5em; margin-top: 0; text-align: left;">Your account has been created successfully! Click the button below to verify your email address.
<br></p>
<table class="action" align="center" width="100%" cellpadding="0" cellspacing="0" style="font-family: Avenir, Helvetica, sans-serif; box-sizing: border-box; margin: 30px auto; padding: 0; text-align: center; width: 100%; -premailer-cellpadding: 0; -premailer-cellspacing: 0; -premailer-width: 100%;"><tr>
<td align="center" style="font-family: Avenir, Helvetica, sans-serif; box-sizing: border-box;">
            <table width="100%" border="0" cellpadding="0" cellspacing="0" style="font-family: Avenir, Helvetica, sans-serif; box-sizing: border-box;"><tr>
<td align="center" style="font-family: Avenir, Helvetica, sans-serif; box-sizing: border-box;">
                        <table border="0" cellpadding="0" cellspacing="0" style="font-family: Avenir, Helvetica, sans-serif; box-sizing: border-box;"><tr>
<td style="font-family: Avenir, Helvetica, sans-serif; box-sizing: border-box;">
                                    <a href="https://allqart.com/verify/SN550Zb9ZR4asunr6AJ3a6thevKybNSBBVKupw15" class="button button-blue" target="_blank" style="font-family: Avenir, Helvetica, sans-serif; box-sizing: border-box; border-radius: 3px; box-shadow: 0 2px 3px rgba(0, 0, 0, 0.16); color: #FFF; display: inline-block; text-decoration: none; -webkit-text-size-adjust: none; background-color: #3097D1; border-top: 10px solid #3097D1; border-right: 18px solid #3097D1; border-bottom: 10px solid #3097D1; border-left: 18px solid #3097D1;">Verify My Email</a>
                                </td>
                            </tr></table>
</td>
                </tr></table>
</td>
    </tr></table>
<p style="font-family: Avenir, Helvetica, sans-serif; box-sizing: border-box; color: #74787E; font-size: 16px; line-height: 1.5em; margin-top: 0; text-align: left;">Thanks,<br>
Allqart.com: Online Marketplace</p>

                                        
                                    </td>
                                </tr>
</table>
</td>
                    </tr>
<tr>
<td style="font-family: Avenir, Helvetica, sans-serif; box-sizing: border-box;">
        <table class="footer" align="center" width="570" cellpadding="0" cellspacing="0" style="font-family: Avenir, Helvetica, sans-serif; box-sizing: border-box; margin: 0 auto; padding: 0; text-align: center; width: 570px; -premailer-cellpadding: 0; -premailer-cellspacing: 0; -premailer-width: 570px;"><tr>
<td class="content-cell" align="center" style="font-family: Avenir, Helvetica, sans-serif; box-sizing: border-box; padding: 35px;">
                    <p style="font-family: Avenir, Helvetica, sans-serif; box-sizing: border-box; line-height: 1.5em; margin-top: 0; color: #AEAEAE; font-size: 12px; text-align: center;">© 2021 Allqart.com: Online Marketplace. All rights reserved.</p>
                </td>
            </tr></table>
</td>
</tr>
</table>
</td>
        </tr></table>
</body>
</html>

Content-Type: text/plain; charset=utf-8
Content-Transfer-Encoding: quoted-printable

[Allqart.com: Online Marketplace](https://allqart.com)

#Congratulation !

Your account has been created successfully! Click the button below to verify your email address.

Verify My Email: https://allqart.com/verify/SN550Zb9ZR4asunr6AJ3a6thevKybNSBBVKupw15

Thanks,
Allqart.com: Online Marketplace

© 2021 Allqart.com: Online Marketplace. All rights reserved.
  
[2021-03-04 09:22:43] production.DEBUG: Message-ID: <fe29dc97803361401b81e3bb89cf1b5a@allqart.com>
Date: Thu, 04 Mar 2021 09:22:43 +0530
Subject: Verify your Allqart.com: Online Marketplace account!
From: Surendra Kumar <info@allqart.com>
Reply-To: Reply <reply@allqart.com>
To: Malkshorok12@gmail.com
MIME-Version: 1.0
Content-Type: multipart/alternative;
 boundary="_=_swift_1614829963_0d382921fa19a917c3dd49c0a17aee85_=_"

<!DOCTYPE html PUBLIC "-//W3C//DTD XHTML 1.0 Transitional//EN" "http://www.w3.org/TR/xhtml1/DTD/xhtml1-transitional.dtd">
<html xmlns="http://www.w3.org/1999/xhtml">
<head>
<meta name="viewport" content="width=device-width, initial-scale=1.0">
<meta http-equiv="Content-Type" content="text/html; charset=UTF-8">
</head>
<body style="font-family: Avenir, Helvetica, sans-serif; box-sizing: border-box; background-color: #f5f8fa; color: #74787E; height: 100%; hyphens: auto; line-height: 1.4; margin: 0; -moz-hyphens: auto; -ms-word-break: break-all; width: 100% !important; -webkit-hyphens: auto; -webkit-text-size-adjust: none; word-break: break-word;">
    <style>
        @media  only screen and (max-width: 600px) {
            .inner-body {
                width: 100% !important;
            }

            .footer {
                width: 100% !important;
            }
        }

        @media  only screen and (max-width: 500px) {
            .button {
                width: 100% !important;
            }
        }
    </style>
<table class="wrapper" width="100%" cellpadding="0" cellspacing="0" style="font-family: Avenir, Helvetica, sans-serif; box-sizing: border-box; background-color: #f5f8fa; margin: 0; padding: 0; width: 100%; -premailer-cellpadding: 0; -premailer-cellspacing: 0; -premailer-width: 100%;"><tr>
<td align="center" style="font-family: Avenir, Helvetica, sans-serif; box-sizing: border-box;">
                <table class="content" width="100%" cellpadding="0" cellspacing="0" style="font-family: Avenir, Helvetica, sans-serif; box-sizing: border-box; margin: 0; padding: 0; width: 100%; -premailer-cellpadding: 0; -premailer-cellspacing: 0; -premailer-width: 100%;">
<tr>
<td class="header" style="font-family: Avenir, Helvetica, sans-serif; box-sizing: border-box; padding: 25px 0; text-align: center;">
        <a href="https://allqart.com" style="font-family: Avenir, Helvetica, sans-serif; box-sizing: border-box; color: #bbbfc3; font-size: 19px; font-weight: bold; text-decoration: none; text-shadow: 0 1px 0 white;">
            Allqart.com: Online Marketplace
        </a>
    </td>
</tr>
<!-- Email Body --><tr>
<td class="body" width="100%" cellpadding="0" cellspacing="0" style="font-family: Avenir, Helvetica, sans-serif; box-sizing: border-box; background-color: #FFFFFF; border-bottom: 1px solid #EDEFF2; border-top: 1px solid #EDEFF2; margin: 0; padding: 0; width: 100%; -premailer-cellpadding: 0; -premailer-cellspacing: 0; -premailer-width: 100%;">
                            <table class="inner-body" align="center" width="570" cellpadding="0" cellspacing="0" style="font-family: Avenir, Helvetica, sans-serif; box-sizing: border-box; background-color: #FFFFFF; margin: 0 auto; padding: 0; width: 570px; -premailer-cellpadding: 0; -premailer-cellspacing: 0; -premailer-width: 570px;">
<!-- Body content --><tr>
<td class="content-cell" style="font-family: Avenir, Helvetica, sans-serif; box-sizing: border-box; padding: 35px;">
                                        <h1 style="font-family: Avenir, Helvetica, sans-serif; box-sizing: border-box; color: #2F3133; font-size: 19px; font-weight: bold; margin-top: 0; text-align: left;">Congratulation !</h1>
<p style="font-family: Avenir, Helvetica, sans-serif; box-sizing: border-box; color: #74787E; font-size: 16px; line-height: 1.5em; margin-top: 0; text-align: left;">Your account has been created successfully! Click the button below to verify your email address.
<br></p>
<table class="action" align="center" width="100%" cellpadding="0" cellspacing="0" style="font-family: Avenir, Helvetica, sans-serif; box-sizing: border-box; margin: 30px auto; padding: 0; text-align: center; width: 100%; -premailer-cellpadding: 0; -premailer-cellspacing: 0; -premailer-width: 100%;"><tr>
<td align="center" style="font-family: Avenir, Helvetica, sans-serif; box-sizing: border-box;">
            <table width="100%" border="0" cellpadding="0" cellspacing="0" style="font-family: Avenir, Helvetica, sans-serif; box-sizing: border-box;"><tr>
<td align="center" style="font-family: Avenir, Helvetica, sans-serif; box-sizing: border-box;">
                        <table border="0" cellpadding="0" cellspacing="0" style="font-family: Avenir, Helvetica, sans-serif; box-sizing: border-box;"><tr>
<td style="font-family: Avenir, Helvetica, sans-serif; box-sizing: border-box;">
                                    <a href="https://allqart.com/verify/omiYxXIgcLRfi4nogDKsH653bFFvhCw9zZR4p9Zq" class="button button-blue" target="_blank" style="font-family: Avenir, Helvetica, sans-serif; box-sizing: border-box; border-radius: 3px; box-shadow: 0 2px 3px rgba(0, 0, 0, 0.16); color: #FFF; display: inline-block; text-decoration: none; -webkit-text-size-adjust: none; background-color: #3097D1; border-top: 10px solid #3097D1; border-right: 18px solid #3097D1; border-bottom: 10px solid #3097D1; border-left: 18px solid #3097D1;">Verify My Email</a>
                                </td>
                            </tr></table>
</td>
                </tr></table>
</td>
    </tr></table>
<p style="font-family: Avenir, Helvetica, sans-serif; box-sizing: border-box; color: #74787E; font-size: 16px; line-height: 1.5em; margin-top: 0; text-align: left;">Thanks,<br>
Allqart.com: Online Marketplace</p>

                                        
                                    </td>
                                </tr>
</table>
</td>
                    </tr>
<tr>
<td style="font-family: Avenir, Helvetica, sans-serif; box-sizing: border-box;">
        <table class="footer" align="center" width="570" cellpadding="0" cellspacing="0" style="font-family: Avenir, Helvetica, sans-serif; box-sizing: border-box; margin: 0 auto; padding: 0; text-align: center; width: 570px; -premailer-cellpadding: 0; -premailer-cellspacing: 0; -premailer-width: 570px;"><tr>
<td class="content-cell" align="center" style="font-family: Avenir, Helvetica, sans-serif; box-sizing: border-box; padding: 35px;">
                    <p style="font-family: Avenir, Helvetica, sans-serif; box-sizing: border-box; line-height: 1.5em; margin-top: 0; color: #AEAEAE; font-size: 12px; text-align: center;">© 2021 Allqart.com: Online Marketplace. All rights reserved.</p>
                </td>
            </tr></table>
</td>
</tr>
</table>
</td>
        </tr></table>
</body>
</html>

Content-Type: text/plain; charset=utf-8
Content-Transfer-Encoding: quoted-printable

[Allqart.com: Online Marketplace](https://allqart.com)

#Congratulation !

Your account has been created successfully! Click the button below to verify your email address.

Verify My Email: https://allqart.com/verify/omiYxXIgcLRfi4nogDKsH653bFFvhCw9zZR4p9Zq

Thanks,
Allqart.com: Online Marketplace

© 2021 Allqart.com: Online Marketplace. All rights reserved.
  
[2021-03-04 12:51:11] production.DEBUG: Message-ID: <2991508a6f561b77d95e4a143609351e@allqart.com>
Date: Thu, 04 Mar 2021 12:51:11 +0530
Subject: Verify your Allqart.com: Online Marketplace account!
From: Surendra Kumar <info@allqart.com>
Reply-To: Reply <reply@allqart.com>
To: aneessaifi85@gmail.com
MIME-Version: 1.0
Content-Type: multipart/alternative;
 boundary="_=_swift_1614842471_63376d04c3e159380f86c19a2054cf46_=_"

<!DOCTYPE html PUBLIC "-//W3C//DTD XHTML 1.0 Transitional//EN" "http://www.w3.org/TR/xhtml1/DTD/xhtml1-transitional.dtd">
<html xmlns="http://www.w3.org/1999/xhtml">
<head>
<meta name="viewport" content="width=device-width, initial-scale=1.0">
<meta http-equiv="Content-Type" content="text/html; charset=UTF-8">
</head>
<body style="font-family: Avenir, Helvetica, sans-serif; box-sizing: border-box; background-color: #f5f8fa; color: #74787E; height: 100%; hyphens: auto; line-height: 1.4; margin: 0; -moz-hyphens: auto; -ms-word-break: break-all; width: 100% !important; -webkit-hyphens: auto; -webkit-text-size-adjust: none; word-break: break-word;">
    <style>
        @media  only screen and (max-width: 600px) {
            .inner-body {
                width: 100% !important;
            }

            .footer {
                width: 100% !important;
            }
        }

        @media  only screen and (max-width: 500px) {
            .button {
                width: 100% !important;
            }
        }
    </style>
<table class="wrapper" width="100%" cellpadding="0" cellspacing="0" style="font-family: Avenir, Helvetica, sans-serif; box-sizing: border-box; background-color: #f5f8fa; margin: 0; padding: 0; width: 100%; -premailer-cellpadding: 0; -premailer-cellspacing: 0; -premailer-width: 100%;"><tr>
<td align="center" style="font-family: Avenir, Helvetica, sans-serif; box-sizing: border-box;">
                <table class="content" width="100%" cellpadding="0" cellspacing="0" style="font-family: Avenir, Helvetica, sans-serif; box-sizing: border-box; margin: 0; padding: 0; width: 100%; -premailer-cellpadding: 0; -premailer-cellspacing: 0; -premailer-width: 100%;">
<tr>
<td class="header" style="font-family: Avenir, Helvetica, sans-serif; box-sizing: border-box; padding: 25px 0; text-align: center;">
        <a href="https://allqart.com" style="font-family: Avenir, Helvetica, sans-serif; box-sizing: border-box; color: #bbbfc3; font-size: 19px; font-weight: bold; text-decoration: none; text-shadow: 0 1px 0 white;">
            Allqart.com: Online Marketplace
        </a>
    </td>
</tr>
<!-- Email Body --><tr>
<td class="body" width="100%" cellpadding="0" cellspacing="0" style="font-family: Avenir, Helvetica, sans-serif; box-sizing: border-box; background-color: #FFFFFF; border-bottom: 1px solid #EDEFF2; border-top: 1px solid #EDEFF2; margin: 0; padding: 0; width: 100%; -premailer-cellpadding: 0; -premailer-cellspacing: 0; -premailer-width: 100%;">
                            <table class="inner-body" align="center" width="570" cellpadding="0" cellspacing="0" style="font-family: Avenir, Helvetica, sans-serif; box-sizing: border-box; background-color: #FFFFFF; margin: 0 auto; padding: 0; width: 570px; -premailer-cellpadding: 0; -premailer-cellspacing: 0; -premailer-width: 570px;">
<!-- Body content --><tr>
<td class="content-cell" style="font-family: Avenir, Helvetica, sans-serif; box-sizing: border-box; padding: 35px;">
                                        <h1 style="font-family: Avenir, Helvetica, sans-serif; box-sizing: border-box; color: #2F3133; font-size: 19px; font-weight: bold; margin-top: 0; text-align: left;">Congratulation !</h1>
<p style="font-family: Avenir, Helvetica, sans-serif; box-sizing: border-box; color: #74787E; font-size: 16px; line-height: 1.5em; margin-top: 0; text-align: left;">Your account has been created successfully! Click the button below to verify your email address.
<br></p>
<table class="action" align="center" width="100%" cellpadding="0" cellspacing="0" style="font-family: Avenir, Helvetica, sans-serif; box-sizing: border-box; margin: 30px auto; padding: 0; text-align: center; width: 100%; -premailer-cellpadding: 0; -premailer-cellspacing: 0; -premailer-width: 100%;"><tr>
<td align="center" style="font-family: Avenir, Helvetica, sans-serif; box-sizing: border-box;">
            <table width="100%" border="0" cellpadding="0" cellspacing="0" style="font-family: Avenir, Helvetica, sans-serif; box-sizing: border-box;"><tr>
<td align="center" style="font-family: Avenir, Helvetica, sans-serif; box-sizing: border-box;">
                        <table border="0" cellpadding="0" cellspacing="0" style="font-family: Avenir, Helvetica, sans-serif; box-sizing: border-box;"><tr>
<td style="font-family: Avenir, Helvetica, sans-serif; box-sizing: border-box;">
                                    <a href="https://allqart.com/verify/Jfd5PJgKAPJbvyOZA5O6hFEx1mh1TJVs39xtBTlz" class="button button-blue" target="_blank" style="font-family: Avenir, Helvetica, sans-serif; box-sizing: border-box; border-radius: 3px; box-shadow: 0 2px 3px rgba(0, 0, 0, 0.16); color: #FFF; display: inline-block; text-decoration: none; -webkit-text-size-adjust: none; background-color: #3097D1; border-top: 10px solid #3097D1; border-right: 18px solid #3097D1; border-bottom: 10px solid #3097D1; border-left: 18px solid #3097D1;">Verify My Email</a>
                                </td>
                            </tr></table>
</td>
                </tr></table>
</td>
    </tr></table>
<p style="font-family: Avenir, Helvetica, sans-serif; box-sizing: border-box; color: #74787E; font-size: 16px; line-height: 1.5em; margin-top: 0; text-align: left;">Thanks,<br>
Allqart.com: Online Marketplace</p>

                                        
                                    </td>
                                </tr>
</table>
</td>
                    </tr>
<tr>
<td style="font-family: Avenir, Helvetica, sans-serif; box-sizing: border-box;">
        <table class="footer" align="center" width="570" cellpadding="0" cellspacing="0" style="font-family: Avenir, Helvetica, sans-serif; box-sizing: border-box; margin: 0 auto; padding: 0; text-align: center; width: 570px; -premailer-cellpadding: 0; -premailer-cellspacing: 0; -premailer-width: 570px;"><tr>
<td class="content-cell" align="center" style="font-family: Avenir, Helvetica, sans-serif; box-sizing: border-box; padding: 35px;">
                    <p style="font-family: Avenir, Helvetica, sans-serif; box-sizing: border-box; line-height: 1.5em; margin-top: 0; color: #AEAEAE; font-size: 12px; text-align: center;">© 2021 Allqart.com: Online Marketplace. All rights reserved.</p>
                </td>
            </tr></table>
</td>
</tr>
</table>
</td>
        </tr></table>
</body>
</html>

Content-Type: text/plain; charset=utf-8
Content-Transfer-Encoding: quoted-printable

[Allqart.com: Online Marketplace](https://allqart.com)

#Congratulation !

Your account has been created successfully! Click the button below to verify your email address.

Verify My Email: https://allqart.com/verify/Jfd5PJgKAPJbvyOZA5O6hFEx1mh1TJVs39xtBTlz

Thanks,
Allqart.com: Online Marketplace

© 2021 Allqart.com: Online Marketplace. All rights reserved.
  
[2021-03-04 12:51:11] production.DEBUG: Message-ID: <896d79aa6292c1576246672c7268a3bd@allqart.com>
Date: Thu, 04 Mar 2021 12:51:11 +0530
Subject: Your shop is ready to go!
From: Surendra Kumar <info@allqart.com>
Reply-To: Reply <reply@allqart.com>
To: aneessaifi85@gmail.com
MIME-Version: 1.0
Content-Type: multipart/alternative;
 boundary="_=_swift_1614842471_81d2ae303df1f6659bc2cdf64d9b3aeb_=_"

<!DOCTYPE html PUBLIC "-//W3C//DTD XHTML 1.0 Transitional//EN" "http://www.w3.org/TR/xhtml1/DTD/xhtml1-transitional.dtd">
<html xmlns="http://www.w3.org/1999/xhtml">
<head>
<meta name="viewport" content="width=device-width, initial-scale=1.0">
<meta http-equiv="Content-Type" content="text/html; charset=UTF-8">
</head>
<body style="font-family: Avenir, Helvetica, sans-serif; box-sizing: border-box; background-color: #f5f8fa; color: #74787E; height: 100%; hyphens: auto; line-height: 1.4; margin: 0; -moz-hyphens: auto; -ms-word-break: break-all; width: 100% !important; -webkit-hyphens: auto; -webkit-text-size-adjust: none; word-break: break-word;">
    <style>
        @media  only screen and (max-width: 600px) {
            .inner-body {
                width: 100% !important;
            }

            .footer {
                width: 100% !important;
            }
        }

        @media  only screen and (max-width: 500px) {
            .button {
                width: 100% !important;
            }
        }
    </style>
<table class="wrapper" width="100%" cellpadding="0" cellspacing="0" style="font-family: Avenir, Helvetica, sans-serif; box-sizing: border-box; background-color: #f5f8fa; margin: 0; padding: 0; width: 100%; -premailer-cellpadding: 0; -premailer-cellspacing: 0; -premailer-width: 100%;"><tr>
<td align="center" style="font-family: Avenir, Helvetica, sans-serif; box-sizing: border-box;">
                <table class="content" width="100%" cellpadding="0" cellspacing="0" style="font-family: Avenir, Helvetica, sans-serif; box-sizing: border-box; margin: 0; padding: 0; width: 100%; -premailer-cellpadding: 0; -premailer-cellspacing: 0; -premailer-width: 100%;">
<tr>
<td class="header" style="font-family: Avenir, Helvetica, sans-serif; box-sizing: border-box; padding: 25px 0; text-align: center;">
        <a href="https://allqart.com" style="font-family: Avenir, Helvetica, sans-serif; box-sizing: border-box; color: #bbbfc3; font-size: 19px; font-weight: bold; text-decoration: none; text-shadow: 0 1px 0 white;">
            Allqart.com: Online Marketplace
        </a>
    </td>
</tr>
<!-- Email Body --><tr>
<td class="body" width="100%" cellpadding="0" cellspacing="0" style="font-family: Avenir, Helvetica, sans-serif; box-sizing: border-box; background-color: #FFFFFF; border-bottom: 1px solid #EDEFF2; border-top: 1px solid #EDEFF2; margin: 0; padding: 0; width: 100%; -premailer-cellpadding: 0; -premailer-cellspacing: 0; -premailer-width: 100%;">
                            <table class="inner-body" align="center" width="570" cellpadding="0" cellspacing="0" style="font-family: Avenir, Helvetica, sans-serif; box-sizing: border-box; background-color: #FFFFFF; margin: 0 auto; padding: 0; width: 570px; -premailer-cellpadding: 0; -premailer-cellspacing: 0; -premailer-width: 570px;">
<!-- Body content --><tr>
<td class="content-cell" style="font-family: Avenir, Helvetica, sans-serif; box-sizing: border-box; padding: 35px;">
                                        <h1 style="font-family: Avenir, Helvetica, sans-serif; box-sizing: border-box; color: #2F3133; font-size: 19px; font-weight: bold; margin-top: 0; text-align: left;">Congratulation !</h1>
<p style="font-family: Avenir, Helvetica, sans-serif; box-sizing: border-box; color: #74787E; font-size: 16px; line-height: 1.5em; margin-top: 0; text-align: left;">Your shop Limra Computer has been created successfully! Click the button below to login into shop admin panel.
<br></p>
<table class="action" align="center" width="100%" cellpadding="0" cellspacing="0" style="font-family: Avenir, Helvetica, sans-serif; box-sizing: border-box; margin: 30px auto; padding: 0; text-align: center; width: 100%; -premailer-cellpadding: 0; -premailer-cellspacing: 0; -premailer-width: 100%;"><tr>
<td align="center" style="font-family: Avenir, Helvetica, sans-serif; box-sizing: border-box;">
            <table width="100%" border="0" cellpadding="0" cellspacing="0" style="font-family: Avenir, Helvetica, sans-serif; box-sizing: border-box;"><tr>
<td align="center" style="font-family: Avenir, Helvetica, sans-serif; box-sizing: border-box;">
                        <table border="0" cellpadding="0" cellspacing="0" style="font-family: Avenir, Helvetica, sans-serif; box-sizing: border-box;"><tr>
<td style="font-family: Avenir, Helvetica, sans-serif; box-sizing: border-box;">
                                    <a href="https://allqart.com/login" class="button button-green" target="_blank" style="font-family: Avenir, Helvetica, sans-serif; box-sizing: border-box; border-radius: 3px; box-shadow: 0 2px 3px rgba(0, 0, 0, 0.16); color: #FFF; display: inline-block; text-decoration: none; -webkit-text-size-adjust: none; background-color: #2ab27b; border-top: 10px solid #2ab27b; border-right: 18px solid #2ab27b; border-bottom: 10px solid #2ab27b; border-left: 18px solid #2ab27b;">Go to the Dashboard</a>
                                </td>
                            </tr></table>
</td>
                </tr></table>
</td>
    </tr></table>
<p style="font-family: Avenir, Helvetica, sans-serif; box-sizing: border-box; color: #74787E; font-size: 16px; line-height: 1.5em; margin-top: 0; text-align: left;">Thanks,<br>
Allqart.com: Online Marketplace</p>

                                        
                                    </td>
                                </tr>
</table>
</td>
                    </tr>
<tr>
<td style="font-family: Avenir, Helvetica, sans-serif; box-sizing: border-box;">
        <table class="footer" align="center" width="570" cellpadding="0" cellspacing="0" style="font-family: Avenir, Helvetica, sans-serif; box-sizing: border-box; margin: 0 auto; padding: 0; text-align: center; width: 570px; -premailer-cellpadding: 0; -premailer-cellspacing: 0; -premailer-width: 570px;"><tr>
<td class="content-cell" align="center" style="font-family: Avenir, Helvetica, sans-serif; box-sizing: border-box; padding: 35px;">
                    <p style="font-family: Avenir, Helvetica, sans-serif; box-sizing: border-box; line-height: 1.5em; margin-top: 0; color: #AEAEAE; font-size: 12px; text-align: center;">© 2021 Allqart.com: Online Marketplace. All rights reserved.</p>
                </td>
            </tr></table>
</td>
</tr>
</table>
</td>
        </tr></table>
</body>
</html>

Content-Type: text/plain; charset=utf-8
Content-Transfer-Encoding: quoted-printable

[Allqart.com: Online Marketplace](https://allqart.com)

#Congratulation !

Your shop Limra Computer has been created successfully! Click the button below to login into shop admin panel.

Go to the Dashboard: https://allqart.com/login

Thanks,
Allqart.com: Online Marketplace

© 2021 Allqart.com: Online Marketplace. All rights reserved.
  
[2021-03-04 12:51:11] production.DEBUG: Message-ID: <edebf64a65bbfd5a71186874e2a5f07f@allqart.com>
Date: Thu, 04 Mar 2021 12:51:11 +0530
Subject: New vendor just registered!
From: Surendra Kumar <info@allqart.com>
Reply-To: Reply <reply@allqart.com>
To: superadmin@demo.com
MIME-Version: 1.0
Content-Type: multipart/alternative;
 boundary="_=_swift_1614842471_95c7cbf2fcf610a1382e9ed836aad684_=_"

<!DOCTYPE html PUBLIC "-//W3C//DTD XHTML 1.0 Transitional//EN" "http://www.w3.org/TR/xhtml1/DTD/xhtml1-transitional.dtd">
<html xmlns="http://www.w3.org/1999/xhtml">
<head>
<meta name="viewport" content="width=device-width, initial-scale=1.0">
<meta http-equiv="Content-Type" content="text/html; charset=UTF-8">
</head>
<body style="font-family: Avenir, Helvetica, sans-serif; box-sizing: border-box; background-color: #f5f8fa; color: #74787E; height: 100%; hyphens: auto; line-height: 1.4; margin: 0; -moz-hyphens: auto; -ms-word-break: break-all; width: 100% !important; -webkit-hyphens: auto; -webkit-text-size-adjust: none; word-break: break-word;">
    <style>
        @media  only screen and (max-width: 600px) {
            .inner-body {
                width: 100% !important;
            }

            .footer {
                width: 100% !important;
            }
        }

        @media  only screen and (max-width: 500px) {
            .button {
                width: 100% !important;
            }
        }
    </style>
<table class="wrapper" width="100%" cellpadding="0" cellspacing="0" style="font-family: Avenir, Helvetica, sans-serif; box-sizing: border-box; background-color: #f5f8fa; margin: 0; padding: 0; width: 100%; -premailer-cellpadding: 0; -premailer-cellspacing: 0; -premailer-width: 100%;"><tr>
<td align="center" style="font-family: Avenir, Helvetica, sans-serif; box-sizing: border-box;">
                <table class="content" width="100%" cellpadding="0" cellspacing="0" style="font-family: Avenir, Helvetica, sans-serif; box-sizing: border-box; margin: 0; padding: 0; width: 100%; -premailer-cellpadding: 0; -premailer-cellspacing: 0; -premailer-width: 100%;">
<tr>
<td class="header" style="font-family: Avenir, Helvetica, sans-serif; box-sizing: border-box; padding: 25px 0; text-align: center;">
        <a href="https://allqart.com" style="font-family: Avenir, Helvetica, sans-serif; box-sizing: border-box; color: #bbbfc3; font-size: 19px; font-weight: bold; text-decoration: none; text-shadow: 0 1px 0 white;">
            Allqart.com: Online Marketplace
        </a>
    </td>
</tr>
<!-- Email Body --><tr>
<td class="body" width="100%" cellpadding="0" cellspacing="0" style="font-family: Avenir, Helvetica, sans-serif; box-sizing: border-box; background-color: #FFFFFF; border-bottom: 1px solid #EDEFF2; border-top: 1px solid #EDEFF2; margin: 0; padding: 0; width: 100%; -premailer-cellpadding: 0; -premailer-cellspacing: 0; -premailer-width: 100%;">
                            <table class="inner-body" align="center" width="570" cellpadding="0" cellspacing="0" style="font-family: Avenir, Helvetica, sans-serif; box-sizing: border-box; background-color: #FFFFFF; margin: 0 auto; padding: 0; width: 570px; -premailer-cellpadding: 0; -premailer-cellspacing: 0; -premailer-width: 570px;">
<!-- Body content --><tr>
<td class="content-cell" style="font-family: Avenir, Helvetica, sans-serif; box-sizing: border-box; padding: 35px;">
                                        <h1 style="font-family: Avenir, Helvetica, sans-serif; box-sizing: border-box; color: #2F3133; font-size: 19px; font-weight: bold; margin-top: 0; text-align: left;">Congratulation!</h1>
<p style="font-family: Avenir, Helvetica, sans-serif; box-sizing: border-box; color: #74787E; font-size: 16px; line-height: 1.5em; margin-top: 0; text-align: left;">Your marketplace Allqart.com: Online Marketplace just got a new verdor with shop name <strong style="font-family: Avenir, Helvetica, sans-serif; box-sizing: border-box;">Limra Computer</strong> and the merchant's email address is aneessaifi85@gmail.com
<br></p>
<table class="action" align="center" width="100%" cellpadding="0" cellspacing="0" style="font-family: Avenir, Helvetica, sans-serif; box-sizing: border-box; margin: 30px auto; padding: 0; text-align: center; width: 100%; -premailer-cellpadding: 0; -premailer-cellspacing: 0; -premailer-width: 100%;"><tr>
<td align="center" style="font-family: Avenir, Helvetica, sans-serif; box-sizing: border-box;">
            <table width="100%" border="0" cellpadding="0" cellspacing="0" style="font-family: Avenir, Helvetica, sans-serif; box-sizing: border-box;"><tr>
<td align="center" style="font-family: Avenir, Helvetica, sans-serif; box-sizing: border-box;">
                        <table border="0" cellpadding="0" cellspacing="0" style="font-family: Avenir, Helvetica, sans-serif; box-sizing: border-box;"><tr>
<td style="font-family: Avenir, Helvetica, sans-serif; box-sizing: border-box;">
                                    <a href="https://allqart.com/admin/vendor/shop" class="button button-green" target="_blank" style="font-family: Avenir, Helvetica, sans-serif; box-sizing: border-box; border-radius: 3px; box-shadow: 0 2px 3px rgba(0, 0, 0, 0.16); color: #FFF; display: inline-block; text-decoration: none; -webkit-text-size-adjust: none; background-color: #2ab27b; border-top: 10px solid #2ab27b; border-right: 18px solid #2ab27b; border-bottom: 10px solid #2ab27b; border-left: 18px solid #2ab27b;">Go to the Dashboard</a>
                                </td>
                            </tr></table>
</td>
                </tr></table>
</td>
    </tr></table>
<p style="font-family: Avenir, Helvetica, sans-serif; box-sizing: border-box; color: #74787E; font-size: 16px; line-height: 1.5em; margin-top: 0; text-align: left;">Thanks,<br>
Allqart.com: Online Marketplace</p>

                                        
                                    </td>
                                </tr>
</table>
</td>
                    </tr>
<tr>
<td style="font-family: Avenir, Helvetica, sans-serif; box-sizing: border-box;">
        <table class="footer" align="center" width="570" cellpadding="0" cellspacing="0" style="font-family: Avenir, Helvetica, sans-serif; box-sizing: border-box; margin: 0 auto; padding: 0; text-align: center; width: 570px; -premailer-cellpadding: 0; -premailer-cellspacing: 0; -premailer-width: 570px;"><tr>
<td class="content-cell" align="center" style="font-family: Avenir, Helvetica, sans-serif; box-sizing: border-box; padding: 35px;">
                    <p style="font-family: Avenir, Helvetica, sans-serif; box-sizing: border-box; line-height: 1.5em; margin-top: 0; color: #AEAEAE; font-size: 12px; text-align: center;">© 2021 Allqart.com: Online Marketplace. All rights reserved.</p>
                </td>
            </tr></table>
</td>
</tr>
</table>
</td>
        </tr></table>
</body>
</html>

Content-Type: text/plain; charset=utf-8
Content-Transfer-Encoding: quoted-printable

[Allqart.com: Online Marketplace](https://allqart.com)

#Congratulation!

Your marketplace Allqart.com: Online Marketplace just got a new verdor with shop name Limra Computer and the merchant's email address is aneessaifi85@gmail.com

Go to the Dashboard: https://allqart.com/admin/vendor/shop

Thanks,
Allqart.com: Online Marketplace

© 2021 Allqart.com: Online Marketplace. All rights reserved.
  
[2021-03-04 13:00:57] production.DEBUG: Message-ID: <743fb50e60ee9ebfdb96e6b2b577e172@allqart.com>
Date: Thu, 04 Mar 2021 13:00:57 +0530
Subject: Your shop is back to LIVE!
From: Surendra Kumar <info@allqart.com>
Reply-To: Reply <reply@allqart.com>
To: aneessaifi85@gmail.com
MIME-Version: 1.0
Content-Type: multipart/alternative;
 boundary="_=_swift_1614843057_1a4edeb288059d897e5d5d8edb211ce6_=_"

<!DOCTYPE html PUBLIC "-//W3C//DTD XHTML 1.0 Transitional//EN" "http://www.w3.org/TR/xhtml1/DTD/xhtml1-transitional.dtd">
<html xmlns="http://www.w3.org/1999/xhtml">
<head>
<meta name="viewport" content="width=device-width, initial-scale=1.0">
<meta http-equiv="Content-Type" content="text/html; charset=UTF-8">
</head>
<body style="font-family: Avenir, Helvetica, sans-serif; box-sizing: border-box; background-color: #f5f8fa; color: #74787E; height: 100%; hyphens: auto; line-height: 1.4; margin: 0; -moz-hyphens: auto; -ms-word-break: break-all; width: 100% !important; -webkit-hyphens: auto; -webkit-text-size-adjust: none; word-break: break-word;">
    <style>
        @media  only screen and (max-width: 600px) {
            .inner-body {
                width: 100% !important;
            }

            .footer {
                width: 100% !important;
            }
        }

        @media  only screen and (max-width: 500px) {
            .button {
                width: 100% !important;
            }
        }
    </style>
<table class="wrapper" width="100%" cellpadding="0" cellspacing="0" style="font-family: Avenir, Helvetica, sans-serif; box-sizing: border-box; background-color: #f5f8fa; margin: 0; padding: 0; width: 100%; -premailer-cellpadding: 0; -premailer-cellspacing: 0; -premailer-width: 100%;"><tr>
<td align="center" style="font-family: Avenir, Helvetica, sans-serif; box-sizing: border-box;">
                <table class="content" width="100%" cellpadding="0" cellspacing="0" style="font-family: Avenir, Helvetica, sans-serif; box-sizing: border-box; margin: 0; padding: 0; width: 100%; -premailer-cellpadding: 0; -premailer-cellspacing: 0; -premailer-width: 100%;">
<tr>
<td class="header" style="font-family: Avenir, Helvetica, sans-serif; box-sizing: border-box; padding: 25px 0; text-align: center;">
        <a href="https://allqart.com" style="font-family: Avenir, Helvetica, sans-serif; box-sizing: border-box; color: #bbbfc3; font-size: 19px; font-weight: bold; text-decoration: none; text-shadow: 0 1px 0 white;">
            Allqart.com: Online Marketplace
        </a>
    </td>
</tr>
<!-- Email Body --><tr>
<td class="body" width="100%" cellpadding="0" cellspacing="0" style="font-family: Avenir, Helvetica, sans-serif; box-sizing: border-box; background-color: #FFFFFF; border-bottom: 1px solid #EDEFF2; border-top: 1px solid #EDEFF2; margin: 0; padding: 0; width: 100%; -premailer-cellpadding: 0; -premailer-cellspacing: 0; -premailer-width: 100%;">
                            <table class="inner-body" align="center" width="570" cellpadding="0" cellspacing="0" style="font-family: Avenir, Helvetica, sans-serif; box-sizing: border-box; background-color: #FFFFFF; margin: 0 auto; padding: 0; width: 570px; -premailer-cellpadding: 0; -premailer-cellspacing: 0; -premailer-width: 570px;">
<!-- Body content --><tr>
<td class="content-cell" style="font-family: Avenir, Helvetica, sans-serif; box-sizing: border-box; padding: 35px;">
                                        <h1 style="font-family: Avenir, Helvetica, sans-serif; box-sizing: border-box; color: #2F3133; font-size: 19px; font-weight: bold; margin-top: 0; text-align: left;">Hello</h1>
<p style="font-family: Avenir, Helvetica, sans-serif; box-sizing: border-box; color: #74787E; font-size: 16px; line-height: 1.5em; margin-top: 0; text-align: left;">This is a notification to let you know that your shop Limra Computer is back to live successfully!
<br></p>
<table class="action" align="center" width="100%" cellpadding="0" cellspacing="0" style="font-family: Avenir, Helvetica, sans-serif; box-sizing: border-box; margin: 30px auto; padding: 0; text-align: center; width: 100%; -premailer-cellpadding: 0; -premailer-cellspacing: 0; -premailer-width: 100%;"><tr>
<td align="center" style="font-family: Avenir, Helvetica, sans-serif; box-sizing: border-box;">
            <table width="100%" border="0" cellpadding="0" cellspacing="0" style="font-family: Avenir, Helvetica, sans-serif; box-sizing: border-box;"><tr>
<td align="center" style="font-family: Avenir, Helvetica, sans-serif; box-sizing: border-box;">
                        <table border="0" cellpadding="0" cellspacing="0" style="font-family: Avenir, Helvetica, sans-serif; box-sizing: border-box;"><tr>
<td style="font-family: Avenir, Helvetica, sans-serif; box-sizing: border-box;">
                                    <a href="https://allqart.com/login" class="button button-green" target="_blank" style="font-family: Avenir, Helvetica, sans-serif; box-sizing: border-box; border-radius: 3px; box-shadow: 0 2px 3px rgba(0, 0, 0, 0.16); color: #FFF; display: inline-block; text-decoration: none; -webkit-text-size-adjust: none; background-color: #2ab27b; border-top: 10px solid #2ab27b; border-right: 18px solid #2ab27b; border-bottom: 10px solid #2ab27b; border-left: 18px solid #2ab27b;">Go to the Dashboard</a>
                                </td>
                            </tr></table>
</td>
                </tr></table>
</td>
    </tr></table>
<p style="font-family: Avenir, Helvetica, sans-serif; box-sizing: border-box; color: #74787E; font-size: 16px; line-height: 1.5em; margin-top: 0; text-align: left;">Thanks,<br>
Allqart.com: Online Marketplace</p>

                                        
                                    </td>
                                </tr>
</table>
</td>
                    </tr>
<tr>
<td style="font-family: Avenir, Helvetica, sans-serif; box-sizing: border-box;">
        <table class="footer" align="center" width="570" cellpadding="0" cellspacing="0" style="font-family: Avenir, Helvetica, sans-serif; box-sizing: border-box; margin: 0 auto; padding: 0; text-align: center; width: 570px; -premailer-cellpadding: 0; -premailer-cellspacing: 0; -premailer-width: 570px;"><tr>
<td class="content-cell" align="center" style="font-family: Avenir, Helvetica, sans-serif; box-sizing: border-box; padding: 35px;">
                    <p style="font-family: Avenir, Helvetica, sans-serif; box-sizing: border-box; line-height: 1.5em; margin-top: 0; color: #AEAEAE; font-size: 12px; text-align: center;">© 2021 Allqart.com: Online Marketplace. All rights reserved.</p>
                </td>
            </tr></table>
</td>
</tr>
</table>
</td>
        </tr></table>
</body>
</html>

Content-Type: text/plain; charset=utf-8
Content-Transfer-Encoding: quoted-printable

[Allqart.com: Online Marketplace](https://allqart.com)

#Hello 

This is a notification to let you know that your shop Limra Computer is back to live successfully!

Go to the Dashboard: https://allqart.com/login

Thanks,
Allqart.com: Online Marketplace

© 2021 Allqart.com: Online Marketplace. All rights reserved.
  
