[2021-03-07 09:51:25] production.DEBUG: Message-ID: <eb8a7d0d760f900bbdeedbe74d6e9df8@allqart.com>
Date: Sun, 07 Mar 2021 09:51:25 +0530
Subject: Verify your Allqart.com: Online Marketplace account!
From: Surendra Kumar <info@allqart.com>
Reply-To: Reply <reply@allqart.com>
To: info.ceo.jnj@gmail.com
MIME-Version: 1.0
Content-Type: multipart/alternative;
 boundary="_=_swift_1615090885_e5f5c0383e371ee5c6455e752f7b198b_=_"

<!DOCTYPE html PUBLIC "-//W3C//DTD XHTML 1.0 Transitional//EN" "http://www.w3.org/TR/xhtml1/DTD/xhtml1-transitional.dtd">
<html xmlns="http://www.w3.org/1999/xhtml">
<head>
<meta name="viewport" content="width=device-width, initial-scale=1.0">
<meta http-equiv="Content-Type" content="text/html; charset=UTF-8">
</head>
<body style="font-family: Avenir, Helvetica, sans-serif; box-sizing: border-box; background-color: #f5f8fa; color: #74787E; height: 100%; hyphens: auto; line-height: 1.4; margin: 0; -moz-hyphens: auto; -ms-word-break: break-all; width: 100% !important; -webkit-hyphens: auto; -webkit-text-size-adjust: none; word-break: break-word;">
    <style>
        @media  only screen and (max-width: 600px) {
            .inner-body {
                width: 100% !important;
            }

            .footer {
                width: 100% !important;
            }
        }

        @media  only screen and (max-width: 500px) {
            .button {
                width: 100% !important;
            }
        }
    </style>
<table class="wrapper" width="100%" cellpadding="0" cellspacing="0" style="font-family: Avenir, Helvetica, sans-serif; box-sizing: border-box; background-color: #f5f8fa; margin: 0; padding: 0; width: 100%; -premailer-cellpadding: 0; -premailer-cellspacing: 0; -premailer-width: 100%;"><tr>
<td align="center" style="font-family: Avenir, Helvetica, sans-serif; box-sizing: border-box;">
                <table class="content" width="100%" cellpadding="0" cellspacing="0" style="font-family: Avenir, Helvetica, sans-serif; box-sizing: border-box; margin: 0; padding: 0; width: 100%; -premailer-cellpadding: 0; -premailer-cellspacing: 0; -premailer-width: 100%;">
<tr>
<td class="header" style="font-family: Avenir, Helvetica, sans-serif; box-sizing: border-box; padding: 25px 0; text-align: center;">
        <a href="https://allqart.com" style="font-family: Avenir, Helvetica, sans-serif; box-sizing: border-box; color: #bbbfc3; font-size: 19px; font-weight: bold; text-decoration: none; text-shadow: 0 1px 0 white;">
            Allqart.com: Online Marketplace
        </a>
    </td>
</tr>
<!-- Email Body --><tr>
<td class="body" width="100%" cellpadding="0" cellspacing="0" style="font-family: Avenir, Helvetica, sans-serif; box-sizing: border-box; background-color: #FFFFFF; border-bottom: 1px solid #EDEFF2; border-top: 1px solid #EDEFF2; margin: 0; padding: 0; width: 100%; -premailer-cellpadding: 0; -premailer-cellspacing: 0; -premailer-width: 100%;">
                            <table class="inner-body" align="center" width="570" cellpadding="0" cellspacing="0" style="font-family: Avenir, Helvetica, sans-serif; box-sizing: border-box; background-color: #FFFFFF; margin: 0 auto; padding: 0; width: 570px; -premailer-cellpadding: 0; -premailer-cellspacing: 0; -premailer-width: 570px;">
<!-- Body content --><tr>
<td class="content-cell" style="font-family: Avenir, Helvetica, sans-serif; box-sizing: border-box; padding: 35px;">
                                        <h1 style="font-family: Avenir, Helvetica, sans-serif; box-sizing: border-box; color: #2F3133; font-size: 19px; font-weight: bold; margin-top: 0; text-align: left;">Congratulation Julekha!</h1>
<p style="font-family: Avenir, Helvetica, sans-serif; box-sizing: border-box; color: #74787E; font-size: 16px; line-height: 1.5em; margin-top: 0; text-align: left;">Your account has been created successfully! Click the button below to verify your email address.
<br></p>
<table class="action" align="center" width="100%" cellpadding="0" cellspacing="0" style="font-family: Avenir, Helvetica, sans-serif; box-sizing: border-box; margin: 30px auto; padding: 0; text-align: center; width: 100%; -premailer-cellpadding: 0; -premailer-cellspacing: 0; -premailer-width: 100%;"><tr>
<td align="center" style="font-family: Avenir, Helvetica, sans-serif; box-sizing: border-box;">
            <table width="100%" border="0" cellpadding="0" cellspacing="0" style="font-family: Avenir, Helvetica, sans-serif; box-sizing: border-box;"><tr>
<td align="center" style="font-family: Avenir, Helvetica, sans-serif; box-sizing: border-box;">
                        <table border="0" cellpadding="0" cellspacing="0" style="font-family: Avenir, Helvetica, sans-serif; box-sizing: border-box;"><tr>
<td style="font-family: Avenir, Helvetica, sans-serif; box-sizing: border-box;">
                                    <a href="https://allqart.com/verify/tPb8Og8qhq5rLE8cJy9FizTlcVjcnuw2A6uDJ5dR" class="button button-blue" target="_blank" style="font-family: Avenir, Helvetica, sans-serif; box-sizing: border-box; border-radius: 3px; box-shadow: 0 2px 3px rgba(0, 0, 0, 0.16); color: #FFF; display: inline-block; text-decoration: none; -webkit-text-size-adjust: none; background-color: #3097D1; border-top: 10px solid #3097D1; border-right: 18px solid #3097D1; border-bottom: 10px solid #3097D1; border-left: 18px solid #3097D1;">Verify My Email</a>
                                </td>
                            </tr></table>
</td>
                </tr></table>
</td>
    </tr></table>
<p style="font-family: Avenir, Helvetica, sans-serif; box-sizing: border-box; color: #74787E; font-size: 16px; line-height: 1.5em; margin-top: 0; text-align: left;">Thanks,<br>
Allqart.com: Online Marketplace</p>

                                        
                                    </td>
                                </tr>
</table>
</td>
                    </tr>
<tr>
<td style="font-family: Avenir, Helvetica, sans-serif; box-sizing: border-box;">
        <table class="footer" align="center" width="570" cellpadding="0" cellspacing="0" style="font-family: Avenir, Helvetica, sans-serif; box-sizing: border-box; margin: 0 auto; padding: 0; text-align: center; width: 570px; -premailer-cellpadding: 0; -premailer-cellspacing: 0; -premailer-width: 570px;"><tr>
<td class="content-cell" align="center" style="font-family: Avenir, Helvetica, sans-serif; box-sizing: border-box; padding: 35px;">
                    <p style="font-family: Avenir, Helvetica, sans-serif; box-sizing: border-box; line-height: 1.5em; margin-top: 0; color: #AEAEAE; font-size: 12px; text-align: center;">© 2021 Allqart.com: Online Marketplace. All rights reserved.</p>
                </td>
            </tr></table>
</td>
</tr>
</table>
</td>
        </tr></table>
</body>
</html>

Content-Type: text/plain; charset=utf-8
Content-Transfer-Encoding: quoted-printable

[Allqart.com: Online Marketplace](https://allqart.com)

#Congratulation Julekha!

Your account has been created successfully! Click the button below to verify your email address.

Verify My Email: https://allqart.com/verify/tPb8Og8qhq5rLE8cJy9FizTlcVjcnuw2A6uDJ5dR

Thanks,
Allqart.com: Online Marketplace

© 2021 Allqart.com: Online Marketplace. All rights reserved.
  
[2021-03-07 09:52:20] production.DEBUG: Message-ID: <46312450e58195aa94f2fef7ebe9014a@allqart.com>
Date: Sun, 07 Mar 2021 09:52:20 +0530
Subject: Verify your Allqart.com: Online Marketplace account!
From: Surendra Kumar <info@allqart.com>
Reply-To: Reply <reply@allqart.com>
To: info.ceo.jnj@gmail.com
MIME-Version: 1.0
Content-Type: multipart/alternative;
 boundary="_=_swift_1615090940_0c79d400005e868ff40d2c450e93de90_=_"

<!DOCTYPE html PUBLIC "-//W3C//DTD XHTML 1.0 Transitional//EN" "http://www.w3.org/TR/xhtml1/DTD/xhtml1-transitional.dtd">
<html xmlns="http://www.w3.org/1999/xhtml">
<head>
<meta name="viewport" content="width=device-width, initial-scale=1.0">
<meta http-equiv="Content-Type" content="text/html; charset=UTF-8">
</head>
<body style="font-family: Avenir, Helvetica, sans-serif; box-sizing: border-box; background-color: #f5f8fa; color: #74787E; height: 100%; hyphens: auto; line-height: 1.4; margin: 0; -moz-hyphens: auto; -ms-word-break: break-all; width: 100% !important; -webkit-hyphens: auto; -webkit-text-size-adjust: none; word-break: break-word;">
    <style>
        @media  only screen and (max-width: 600px) {
            .inner-body {
                width: 100% !important;
            }

            .footer {
                width: 100% !important;
            }
        }

        @media  only screen and (max-width: 500px) {
            .button {
                width: 100% !important;
            }
        }
    </style>
<table class="wrapper" width="100%" cellpadding="0" cellspacing="0" style="font-family: Avenir, Helvetica, sans-serif; box-sizing: border-box; background-color: #f5f8fa; margin: 0; padding: 0; width: 100%; -premailer-cellpadding: 0; -premailer-cellspacing: 0; -premailer-width: 100%;"><tr>
<td align="center" style="font-family: Avenir, Helvetica, sans-serif; box-sizing: border-box;">
                <table class="content" width="100%" cellpadding="0" cellspacing="0" style="font-family: Avenir, Helvetica, sans-serif; box-sizing: border-box; margin: 0; padding: 0; width: 100%; -premailer-cellpadding: 0; -premailer-cellspacing: 0; -premailer-width: 100%;">
<tr>
<td class="header" style="font-family: Avenir, Helvetica, sans-serif; box-sizing: border-box; padding: 25px 0; text-align: center;">
        <a href="https://allqart.com" style="font-family: Avenir, Helvetica, sans-serif; box-sizing: border-box; color: #bbbfc3; font-size: 19px; font-weight: bold; text-decoration: none; text-shadow: 0 1px 0 white;">
            Allqart.com: Online Marketplace
        </a>
    </td>
</tr>
<!-- Email Body --><tr>
<td class="body" width="100%" cellpadding="0" cellspacing="0" style="font-family: Avenir, Helvetica, sans-serif; box-sizing: border-box; background-color: #FFFFFF; border-bottom: 1px solid #EDEFF2; border-top: 1px solid #EDEFF2; margin: 0; padding: 0; width: 100%; -premailer-cellpadding: 0; -premailer-cellspacing: 0; -premailer-width: 100%;">
                            <table class="inner-body" align="center" width="570" cellpadding="0" cellspacing="0" style="font-family: Avenir, Helvetica, sans-serif; box-sizing: border-box; background-color: #FFFFFF; margin: 0 auto; padding: 0; width: 570px; -premailer-cellpadding: 0; -premailer-cellspacing: 0; -premailer-width: 570px;">
<!-- Body content --><tr>
<td class="content-cell" style="font-family: Avenir, Helvetica, sans-serif; box-sizing: border-box; padding: 35px;">
                                        <h1 style="font-family: Avenir, Helvetica, sans-serif; box-sizing: border-box; color: #2F3133; font-size: 19px; font-weight: bold; margin-top: 0; text-align: left;">Congratulation Julekha!</h1>
<p style="font-family: Avenir, Helvetica, sans-serif; box-sizing: border-box; color: #74787E; font-size: 16px; line-height: 1.5em; margin-top: 0; text-align: left;">Your account has been created successfully! Click the button below to verify your email address.
<br></p>
<table class="action" align="center" width="100%" cellpadding="0" cellspacing="0" style="font-family: Avenir, Helvetica, sans-serif; box-sizing: border-box; margin: 30px auto; padding: 0; text-align: center; width: 100%; -premailer-cellpadding: 0; -premailer-cellspacing: 0; -premailer-width: 100%;"><tr>
<td align="center" style="font-family: Avenir, Helvetica, sans-serif; box-sizing: border-box;">
            <table width="100%" border="0" cellpadding="0" cellspacing="0" style="font-family: Avenir, Helvetica, sans-serif; box-sizing: border-box;"><tr>
<td align="center" style="font-family: Avenir, Helvetica, sans-serif; box-sizing: border-box;">
                        <table border="0" cellpadding="0" cellspacing="0" style="font-family: Avenir, Helvetica, sans-serif; box-sizing: border-box;"><tr>
<td style="font-family: Avenir, Helvetica, sans-serif; box-sizing: border-box;">
                                    <a href="https://allqart.com/verify/D7gjuHlwI5wIUlXvVlb07CxtLmE746tAFsoCqgV7" class="button button-blue" target="_blank" style="font-family: Avenir, Helvetica, sans-serif; box-sizing: border-box; border-radius: 3px; box-shadow: 0 2px 3px rgba(0, 0, 0, 0.16); color: #FFF; display: inline-block; text-decoration: none; -webkit-text-size-adjust: none; background-color: #3097D1; border-top: 10px solid #3097D1; border-right: 18px solid #3097D1; border-bottom: 10px solid #3097D1; border-left: 18px solid #3097D1;">Verify My Email</a>
                                </td>
                            </tr></table>
</td>
                </tr></table>
</td>
    </tr></table>
<p style="font-family: Avenir, Helvetica, sans-serif; box-sizing: border-box; color: #74787E; font-size: 16px; line-height: 1.5em; margin-top: 0; text-align: left;">Thanks,<br>
Allqart.com: Online Marketplace</p>

                                        
                                    </td>
                                </tr>
</table>
</td>
                    </tr>
<tr>
<td style="font-family: Avenir, Helvetica, sans-serif; box-sizing: border-box;">
        <table class="footer" align="center" width="570" cellpadding="0" cellspacing="0" style="font-family: Avenir, Helvetica, sans-serif; box-sizing: border-box; margin: 0 auto; padding: 0; text-align: center; width: 570px; -premailer-cellpadding: 0; -premailer-cellspacing: 0; -premailer-width: 570px;"><tr>
<td class="content-cell" align="center" style="font-family: Avenir, Helvetica, sans-serif; box-sizing: border-box; padding: 35px;">
                    <p style="font-family: Avenir, Helvetica, sans-serif; box-sizing: border-box; line-height: 1.5em; margin-top: 0; color: #AEAEAE; font-size: 12px; text-align: center;">© 2021 Allqart.com: Online Marketplace. All rights reserved.</p>
                </td>
            </tr></table>
</td>
</tr>
</table>
</td>
        </tr></table>
</body>
</html>

Content-Type: text/plain; charset=utf-8
Content-Transfer-Encoding: quoted-printable

[Allqart.com: Online Marketplace](https://allqart.com)

#Congratulation Julekha!

Your account has been created successfully! Click the button below to verify your email address.

Verify My Email: https://allqart.com/verify/D7gjuHlwI5wIUlXvVlb07CxtLmE746tAFsoCqgV7

Thanks,
Allqart.com: Online Marketplace

© 2021 Allqart.com: Online Marketplace. All rights reserved.
  
[2021-03-07 09:52:24] production.DEBUG: Message-ID: <e648e53b4e63d20a9f7936dd959bee8e@allqart.com>
Date: Sun, 07 Mar 2021 09:52:24 +0530
Subject: Verify your Allqart.com: Online Marketplace account!
From: Surendra Kumar <info@allqart.com>
Reply-To: Reply <reply@allqart.com>
To: info.ceo.jnj@gmail.com
MIME-Version: 1.0
Content-Type: multipart/alternative;
 boundary="_=_swift_1615090944_08927ad3a34b8838dab3e9ccb911b632_=_"

<!DOCTYPE html PUBLIC "-//W3C//DTD XHTML 1.0 Transitional//EN" "http://www.w3.org/TR/xhtml1/DTD/xhtml1-transitional.dtd">
<html xmlns="http://www.w3.org/1999/xhtml">
<head>
<meta name="viewport" content="width=device-width, initial-scale=1.0">
<meta http-equiv="Content-Type" content="text/html; charset=UTF-8">
</head>
<body style="font-family: Avenir, Helvetica, sans-serif; box-sizing: border-box; background-color: #f5f8fa; color: #74787E; height: 100%; hyphens: auto; line-height: 1.4; margin: 0; -moz-hyphens: auto; -ms-word-break: break-all; width: 100% !important; -webkit-hyphens: auto; -webkit-text-size-adjust: none; word-break: break-word;">
    <style>
        @media  only screen and (max-width: 600px) {
            .inner-body {
                width: 100% !important;
            }

            .footer {
                width: 100% !important;
            }
        }

        @media  only screen and (max-width: 500px) {
            .button {
                width: 100% !important;
            }
        }
    </style>
<table class="wrapper" width="100%" cellpadding="0" cellspacing="0" style="font-family: Avenir, Helvetica, sans-serif; box-sizing: border-box; background-color: #f5f8fa; margin: 0; padding: 0; width: 100%; -premailer-cellpadding: 0; -premailer-cellspacing: 0; -premailer-width: 100%;"><tr>
<td align="center" style="font-family: Avenir, Helvetica, sans-serif; box-sizing: border-box;">
                <table class="content" width="100%" cellpadding="0" cellspacing="0" style="font-family: Avenir, Helvetica, sans-serif; box-sizing: border-box; margin: 0; padding: 0; width: 100%; -premailer-cellpadding: 0; -premailer-cellspacing: 0; -premailer-width: 100%;">
<tr>
<td class="header" style="font-family: Avenir, Helvetica, sans-serif; box-sizing: border-box; padding: 25px 0; text-align: center;">
        <a href="https://allqart.com" style="font-family: Avenir, Helvetica, sans-serif; box-sizing: border-box; color: #bbbfc3; font-size: 19px; font-weight: bold; text-decoration: none; text-shadow: 0 1px 0 white;">
            Allqart.com: Online Marketplace
        </a>
    </td>
</tr>
<!-- Email Body --><tr>
<td class="body" width="100%" cellpadding="0" cellspacing="0" style="font-family: Avenir, Helvetica, sans-serif; box-sizing: border-box; background-color: #FFFFFF; border-bottom: 1px solid #EDEFF2; border-top: 1px solid #EDEFF2; margin: 0; padding: 0; width: 100%; -premailer-cellpadding: 0; -premailer-cellspacing: 0; -premailer-width: 100%;">
                            <table class="inner-body" align="center" width="570" cellpadding="0" cellspacing="0" style="font-family: Avenir, Helvetica, sans-serif; box-sizing: border-box; background-color: #FFFFFF; margin: 0 auto; padding: 0; width: 570px; -premailer-cellpadding: 0; -premailer-cellspacing: 0; -premailer-width: 570px;">
<!-- Body content --><tr>
<td class="content-cell" style="font-family: Avenir, Helvetica, sans-serif; box-sizing: border-box; padding: 35px;">
                                        <h1 style="font-family: Avenir, Helvetica, sans-serif; box-sizing: border-box; color: #2F3133; font-size: 19px; font-weight: bold; margin-top: 0; text-align: left;">Congratulation Julekha!</h1>
<p style="font-family: Avenir, Helvetica, sans-serif; box-sizing: border-box; color: #74787E; font-size: 16px; line-height: 1.5em; margin-top: 0; text-align: left;">Your account has been created successfully! Click the button below to verify your email address.
<br></p>
<table class="action" align="center" width="100%" cellpadding="0" cellspacing="0" style="font-family: Avenir, Helvetica, sans-serif; box-sizing: border-box; margin: 30px auto; padding: 0; text-align: center; width: 100%; -premailer-cellpadding: 0; -premailer-cellspacing: 0; -premailer-width: 100%;"><tr>
<td align="center" style="font-family: Avenir, Helvetica, sans-serif; box-sizing: border-box;">
            <table width="100%" border="0" cellpadding="0" cellspacing="0" style="font-family: Avenir, Helvetica, sans-serif; box-sizing: border-box;"><tr>
<td align="center" style="font-family: Avenir, Helvetica, sans-serif; box-sizing: border-box;">
                        <table border="0" cellpadding="0" cellspacing="0" style="font-family: Avenir, Helvetica, sans-serif; box-sizing: border-box;"><tr>
<td style="font-family: Avenir, Helvetica, sans-serif; box-sizing: border-box;">
                                    <a href="https://allqart.com/verify/nnT7gQcyot6xMqPi23MsQRg6gfnALUo4WdVBbBxY" class="button button-blue" target="_blank" style="font-family: Avenir, Helvetica, sans-serif; box-sizing: border-box; border-radius: 3px; box-shadow: 0 2px 3px rgba(0, 0, 0, 0.16); color: #FFF; display: inline-block; text-decoration: none; -webkit-text-size-adjust: none; background-color: #3097D1; border-top: 10px solid #3097D1; border-right: 18px solid #3097D1; border-bottom: 10px solid #3097D1; border-left: 18px solid #3097D1;">Verify My Email</a>
                                </td>
                            </tr></table>
</td>
                </tr></table>
</td>
    </tr></table>
<p style="font-family: Avenir, Helvetica, sans-serif; box-sizing: border-box; color: #74787E; font-size: 16px; line-height: 1.5em; margin-top: 0; text-align: left;">Thanks,<br>
Allqart.com: Online Marketplace</p>

                                        
                                    </td>
                                </tr>
</table>
</td>
                    </tr>
<tr>
<td style="font-family: Avenir, Helvetica, sans-serif; box-sizing: border-box;">
        <table class="footer" align="center" width="570" cellpadding="0" cellspacing="0" style="font-family: Avenir, Helvetica, sans-serif; box-sizing: border-box; margin: 0 auto; padding: 0; text-align: center; width: 570px; -premailer-cellpadding: 0; -premailer-cellspacing: 0; -premailer-width: 570px;"><tr>
<td class="content-cell" align="center" style="font-family: Avenir, Helvetica, sans-serif; box-sizing: border-box; padding: 35px;">
                    <p style="font-family: Avenir, Helvetica, sans-serif; box-sizing: border-box; line-height: 1.5em; margin-top: 0; color: #AEAEAE; font-size: 12px; text-align: center;">© 2021 Allqart.com: Online Marketplace. All rights reserved.</p>
                </td>
            </tr></table>
</td>
</tr>
</table>
</td>
        </tr></table>
</body>
</html>

Content-Type: text/plain; charset=utf-8
Content-Transfer-Encoding: quoted-printable

[Allqart.com: Online Marketplace](https://allqart.com)

#Congratulation Julekha!

Your account has been created successfully! Click the button below to verify your email address.

Verify My Email: https://allqart.com/verify/nnT7gQcyot6xMqPi23MsQRg6gfnALUo4WdVBbBxY

Thanks,
Allqart.com: Online Marketplace

© 2021 Allqart.com: Online Marketplace. All rights reserved.
  
