[2021-02-28 12:49:18] production.DEBUG: Message-ID: <f997f8906b239087b445ba7b0aeb5c97@allqart.com>
Date: Sun, 28 Feb 2021 12:49:18 +0530
Subject: Welcome to the Allqart.com: Online Marketplace marketplace!
From: Surendra Kumar <info@allqart.com>
Reply-To: Reply <reply@allqart.com>
To: sumatracoco@gmail.com
MIME-Version: 1.0
Content-Type: multipart/alternative;
 boundary="_=_swift_1614496758_9300621a0613ed73aad10187840dda91_=_"

<!DOCTYPE html PUBLIC "-//W3C//DTD XHTML 1.0 Transitional//EN" "http://www.w3.org/TR/xhtml1/DTD/xhtml1-transitional.dtd">
<html xmlns="http://www.w3.org/1999/xhtml">
<head>
<meta name="viewport" content="width=device-width, initial-scale=1.0">
<meta http-equiv="Content-Type" content="text/html; charset=UTF-8">
</head>
<body style="font-family: Avenir, Helvetica, sans-serif; box-sizing: border-box; background-color: #f5f8fa; color: #74787E; height: 100%; hyphens: auto; line-height: 1.4; margin: 0; -moz-hyphens: auto; -ms-word-break: break-all; width: 100% !important; -webkit-hyphens: auto; -webkit-text-size-adjust: none; word-break: break-word;">
    <style>
        @media  only screen and (max-width: 600px) {
            .inner-body {
                width: 100% !important;
            }

            .footer {
                width: 100% !important;
            }
        }

        @media  only screen and (max-width: 500px) {
            .button {
                width: 100% !important;
            }
        }
    </style>
<table class="wrapper" width="100%" cellpadding="0" cellspacing="0" style="font-family: Avenir, Helvetica, sans-serif; box-sizing: border-box; background-color: #f5f8fa; margin: 0; padding: 0; width: 100%; -premailer-cellpadding: 0; -premailer-cellspacing: 0; -premailer-width: 100%;"><tr>
<td align="center" style="font-family: Avenir, Helvetica, sans-serif; box-sizing: border-box;">
                <table class="content" width="100%" cellpadding="0" cellspacing="0" style="font-family: Avenir, Helvetica, sans-serif; box-sizing: border-box; margin: 0; padding: 0; width: 100%; -premailer-cellpadding: 0; -premailer-cellspacing: 0; -premailer-width: 100%;">
<tr>
<td class="header" style="font-family: Avenir, Helvetica, sans-serif; box-sizing: border-box; padding: 25px 0; text-align: center;">
        <a href="https://allqart.com" style="font-family: Avenir, Helvetica, sans-serif; box-sizing: border-box; color: #bbbfc3; font-size: 19px; font-weight: bold; text-decoration: none; text-shadow: 0 1px 0 white;">
            Allqart.com: Online Marketplace
        </a>
    </td>
</tr>
<!-- Email Body --><tr>
<td class="body" width="100%" cellpadding="0" cellspacing="0" style="font-family: Avenir, Helvetica, sans-serif; box-sizing: border-box; background-color: #FFFFFF; border-bottom: 1px solid #EDEFF2; border-top: 1px solid #EDEFF2; margin: 0; padding: 0; width: 100%; -premailer-cellpadding: 0; -premailer-cellspacing: 0; -premailer-width: 100%;">
                            <table class="inner-body" align="center" width="570" cellpadding="0" cellspacing="0" style="font-family: Avenir, Helvetica, sans-serif; box-sizing: border-box; background-color: #FFFFFF; margin: 0 auto; padding: 0; width: 570px; -premailer-cellpadding: 0; -premailer-cellspacing: 0; -premailer-width: 570px;">
<!-- Body content --><tr>
<td class="content-cell" style="font-family: Avenir, Helvetica, sans-serif; box-sizing: border-box; padding: 35px;">
                                        <h1 style="font-family: Avenir, Helvetica, sans-serif; box-sizing: border-box; color: #2F3133; font-size: 19px; font-weight: bold; margin-top: 0; text-align: left;">Congratulation Sumatra coco!</h1>
<p style="font-family: Avenir, Helvetica, sans-serif; box-sizing: border-box; color: #74787E; font-size: 16px; line-height: 1.5em; margin-top: 0; text-align: left;">Your account has been created successfully! Click the button below to verify your email address.
<br></p>
<table class="action" align="center" width="100%" cellpadding="0" cellspacing="0" style="font-family: Avenir, Helvetica, sans-serif; box-sizing: border-box; margin: 30px auto; padding: 0; text-align: center; width: 100%; -premailer-cellpadding: 0; -premailer-cellspacing: 0; -premailer-width: 100%;"><tr>
<td align="center" style="font-family: Avenir, Helvetica, sans-serif; box-sizing: border-box;">
            <table width="100%" border="0" cellpadding="0" cellspacing="0" style="font-family: Avenir, Helvetica, sans-serif; box-sizing: border-box;"><tr>
<td align="center" style="font-family: Avenir, Helvetica, sans-serif; box-sizing: border-box;">
                        <table border="0" cellpadding="0" cellspacing="0" style="font-family: Avenir, Helvetica, sans-serif; box-sizing: border-box;"><tr>
<td style="font-family: Avenir, Helvetica, sans-serif; box-sizing: border-box;">
                                    <a href="https://allqart.com/customer/verify/zjQ4SKn6VuXsGJLBXRyxf0JnIClJ9Xbl0gFkfZWH" class="button button-blue" target="_blank" style="font-family: Avenir, Helvetica, sans-serif; box-sizing: border-box; border-radius: 3px; box-shadow: 0 2px 3px rgba(0, 0, 0, 0.16); color: #FFF; display: inline-block; text-decoration: none; -webkit-text-size-adjust: none; background-color: #3097D1; border-top: 10px solid #3097D1; border-right: 18px solid #3097D1; border-bottom: 10px solid #3097D1; border-left: 18px solid #3097D1;">Verify me</a>
                                </td>
                            </tr></table>
</td>
                </tr></table>
</td>
    </tr></table>
<p style="font-family: Avenir, Helvetica, sans-serif; box-sizing: border-box; color: #74787E; font-size: 16px; line-height: 1.5em; margin-top: 0; text-align: left;">Thanks,<br>
Allqart.com: Online Marketplace</p>

                                        
                                    </td>
                                </tr>
</table>
</td>
                    </tr>
<tr>
<td style="font-family: Avenir, Helvetica, sans-serif; box-sizing: border-box;">
        <table class="footer" align="center" width="570" cellpadding="0" cellspacing="0" style="font-family: Avenir, Helvetica, sans-serif; box-sizing: border-box; margin: 0 auto; padding: 0; text-align: center; width: 570px; -premailer-cellpadding: 0; -premailer-cellspacing: 0; -premailer-width: 570px;"><tr>
<td class="content-cell" align="center" style="font-family: Avenir, Helvetica, sans-serif; box-sizing: border-box; padding: 35px;">
                    <p style="font-family: Avenir, Helvetica, sans-serif; box-sizing: border-box; line-height: 1.5em; margin-top: 0; color: #AEAEAE; font-size: 12px; text-align: center;">© 2021 Allqart.com: Online Marketplace. All rights reserved.</p>
                </td>
            </tr></table>
</td>
</tr>
</table>
</td>
        </tr></table>
</body>
</html>

Content-Type: text/plain; charset=utf-8
Content-Transfer-Encoding: quoted-printable

[Allqart.com: Online Marketplace](https://allqart.com)

#Congratulation Sumatra coco!

Your account has been created successfully! Click the button below to verify your email address.

Verify me: https://allqart.com/customer/verify/zjQ4SKn6VuXsGJLBXRyxf0JnIClJ9Xbl0gFkfZWH

Thanks,
Allqart.com: Online Marketplace

© 2021 Allqart.com: Online Marketplace. All rights reserved.
  
[2021-02-28 12:49:34] production.DEBUG: Message-ID: <b8d06acd88b9d4139849a9c6ce84fc9f@allqart.com>
Date: Sun, 28 Feb 2021 12:49:34 +0530
Subject: Verify your Allqart.com: Online Marketplace account!
From: Surendra Kumar <info@allqart.com>
Reply-To: Reply <reply@allqart.com>
To: sumatracoco@gmail.com
MIME-Version: 1.0
Content-Type: multipart/alternative;
 boundary="_=_swift_1614496774_33d0796aac2588057c9c641cde970f3e_=_"

<!DOCTYPE html PUBLIC "-//W3C//DTD XHTML 1.0 Transitional//EN" "http://www.w3.org/TR/xhtml1/DTD/xhtml1-transitional.dtd">
<html xmlns="http://www.w3.org/1999/xhtml">
<head>
<meta name="viewport" content="width=device-width, initial-scale=1.0">
<meta http-equiv="Content-Type" content="text/html; charset=UTF-8">
</head>
<body style="font-family: Avenir, Helvetica, sans-serif; box-sizing: border-box; background-color: #f5f8fa; color: #74787E; height: 100%; hyphens: auto; line-height: 1.4; margin: 0; -moz-hyphens: auto; -ms-word-break: break-all; width: 100% !important; -webkit-hyphens: auto; -webkit-text-size-adjust: none; word-break: break-word;">
    <style>
        @media  only screen and (max-width: 600px) {
            .inner-body {
                width: 100% !important;
            }

            .footer {
                width: 100% !important;
            }
        }

        @media  only screen and (max-width: 500px) {
            .button {
                width: 100% !important;
            }
        }
    </style>
<table class="wrapper" width="100%" cellpadding="0" cellspacing="0" style="font-family: Avenir, Helvetica, sans-serif; box-sizing: border-box; background-color: #f5f8fa; margin: 0; padding: 0; width: 100%; -premailer-cellpadding: 0; -premailer-cellspacing: 0; -premailer-width: 100%;"><tr>
<td align="center" style="font-family: Avenir, Helvetica, sans-serif; box-sizing: border-box;">
                <table class="content" width="100%" cellpadding="0" cellspacing="0" style="font-family: Avenir, Helvetica, sans-serif; box-sizing: border-box; margin: 0; padding: 0; width: 100%; -premailer-cellpadding: 0; -premailer-cellspacing: 0; -premailer-width: 100%;">
<tr>
<td class="header" style="font-family: Avenir, Helvetica, sans-serif; box-sizing: border-box; padding: 25px 0; text-align: center;">
        <a href="https://allqart.com" style="font-family: Avenir, Helvetica, sans-serif; box-sizing: border-box; color: #bbbfc3; font-size: 19px; font-weight: bold; text-decoration: none; text-shadow: 0 1px 0 white;">
            Allqart.com: Online Marketplace
        </a>
    </td>
</tr>
<!-- Email Body --><tr>
<td class="body" width="100%" cellpadding="0" cellspacing="0" style="font-family: Avenir, Helvetica, sans-serif; box-sizing: border-box; background-color: #FFFFFF; border-bottom: 1px solid #EDEFF2; border-top: 1px solid #EDEFF2; margin: 0; padding: 0; width: 100%; -premailer-cellpadding: 0; -premailer-cellspacing: 0; -premailer-width: 100%;">
                            <table class="inner-body" align="center" width="570" cellpadding="0" cellspacing="0" style="font-family: Avenir, Helvetica, sans-serif; box-sizing: border-box; background-color: #FFFFFF; margin: 0 auto; padding: 0; width: 570px; -premailer-cellpadding: 0; -premailer-cellspacing: 0; -premailer-width: 570px;">
<!-- Body content --><tr>
<td class="content-cell" style="font-family: Avenir, Helvetica, sans-serif; box-sizing: border-box; padding: 35px;">
                                        <h1 style="font-family: Avenir, Helvetica, sans-serif; box-sizing: border-box; color: #2F3133; font-size: 19px; font-weight: bold; margin-top: 0; text-align: left;">Congratulation Sumatra coco!</h1>
<p style="font-family: Avenir, Helvetica, sans-serif; box-sizing: border-box; color: #74787E; font-size: 16px; line-height: 1.5em; margin-top: 0; text-align: left;">Your account has been created successfully! Click the button below to verify your email address.
<br></p>
<table class="action" align="center" width="100%" cellpadding="0" cellspacing="0" style="font-family: Avenir, Helvetica, sans-serif; box-sizing: border-box; margin: 30px auto; padding: 0; text-align: center; width: 100%; -premailer-cellpadding: 0; -premailer-cellspacing: 0; -premailer-width: 100%;"><tr>
<td align="center" style="font-family: Avenir, Helvetica, sans-serif; box-sizing: border-box;">
            <table width="100%" border="0" cellpadding="0" cellspacing="0" style="font-family: Avenir, Helvetica, sans-serif; box-sizing: border-box;"><tr>
<td align="center" style="font-family: Avenir, Helvetica, sans-serif; box-sizing: border-box;">
                        <table border="0" cellpadding="0" cellspacing="0" style="font-family: Avenir, Helvetica, sans-serif; box-sizing: border-box;"><tr>
<td style="font-family: Avenir, Helvetica, sans-serif; box-sizing: border-box;">
                                    <a href="https://allqart.com/customer/verify/Gl43e9IZG6w1ay6rp6gaftAMHPZVk8i4csjxG1CF" class="button button-blue" target="_blank" style="font-family: Avenir, Helvetica, sans-serif; box-sizing: border-box; border-radius: 3px; box-shadow: 0 2px 3px rgba(0, 0, 0, 0.16); color: #FFF; display: inline-block; text-decoration: none; -webkit-text-size-adjust: none; background-color: #3097D1; border-top: 10px solid #3097D1; border-right: 18px solid #3097D1; border-bottom: 10px solid #3097D1; border-left: 18px solid #3097D1;">Verify My Email</a>
                                </td>
                            </tr></table>
</td>
                </tr></table>
</td>
    </tr></table>
<p style="font-family: Avenir, Helvetica, sans-serif; box-sizing: border-box; color: #74787E; font-size: 16px; line-height: 1.5em; margin-top: 0; text-align: left;">Thanks,<br>
Allqart.com: Online Marketplace</p>

                                        
                                    </td>
                                </tr>
</table>
</td>
                    </tr>
<tr>
<td style="font-family: Avenir, Helvetica, sans-serif; box-sizing: border-box;">
        <table class="footer" align="center" width="570" cellpadding="0" cellspacing="0" style="font-family: Avenir, Helvetica, sans-serif; box-sizing: border-box; margin: 0 auto; padding: 0; text-align: center; width: 570px; -premailer-cellpadding: 0; -premailer-cellspacing: 0; -premailer-width: 570px;"><tr>
<td class="content-cell" align="center" style="font-family: Avenir, Helvetica, sans-serif; box-sizing: border-box; padding: 35px;">
                    <p style="font-family: Avenir, Helvetica, sans-serif; box-sizing: border-box; line-height: 1.5em; margin-top: 0; color: #AEAEAE; font-size: 12px; text-align: center;">© 2021 Allqart.com: Online Marketplace. All rights reserved.</p>
                </td>
            </tr></table>
</td>
</tr>
</table>
</td>
        </tr></table>
</body>
</html>

Content-Type: text/plain; charset=utf-8
Content-Transfer-Encoding: quoted-printable

[Allqart.com: Online Marketplace](https://allqart.com)

#Congratulation Sumatra coco!

Your account has been created successfully! Click the button below to verify your email address.

Verify My Email: https://allqart.com/customer/verify/Gl43e9IZG6w1ay6rp6gaftAMHPZVk8i4csjxG1CF

Thanks,
Allqart.com: Online Marketplace

© 2021 Allqart.com: Online Marketplace. All rights reserved.
  
[2021-02-28 12:50:17] production.DEBUG: Message-ID: <4b21a20d34ab79f2300a4278ac0bd70d@allqart.com>
Date: Sun, 28 Feb 2021 12:50:17 +0530
Subject: Verify your Allqart.com: Online Marketplace account!
From: Surendra Kumar <info@allqart.com>
Reply-To: Reply <reply@allqart.com>
To: sumatracoco@gmail.com
MIME-Version: 1.0
Content-Type: multipart/alternative;
 boundary="_=_swift_1614496817_7ef0473ee43567b34ee5c1d90c9cff8f_=_"

<!DOCTYPE html PUBLIC "-//W3C//DTD XHTML 1.0 Transitional//EN" "http://www.w3.org/TR/xhtml1/DTD/xhtml1-transitional.dtd">
<html xmlns="http://www.w3.org/1999/xhtml">
<head>
<meta name="viewport" content="width=device-width, initial-scale=1.0">
<meta http-equiv="Content-Type" content="text/html; charset=UTF-8">
</head>
<body style="font-family: Avenir, Helvetica, sans-serif; box-sizing: border-box; background-color: #f5f8fa; color: #74787E; height: 100%; hyphens: auto; line-height: 1.4; margin: 0; -moz-hyphens: auto; -ms-word-break: break-all; width: 100% !important; -webkit-hyphens: auto; -webkit-text-size-adjust: none; word-break: break-word;">
    <style>
        @media  only screen and (max-width: 600px) {
            .inner-body {
                width: 100% !important;
            }

            .footer {
                width: 100% !important;
            }
        }

        @media  only screen and (max-width: 500px) {
            .button {
                width: 100% !important;
            }
        }
    </style>
<table class="wrapper" width="100%" cellpadding="0" cellspacing="0" style="font-family: Avenir, Helvetica, sans-serif; box-sizing: border-box; background-color: #f5f8fa; margin: 0; padding: 0; width: 100%; -premailer-cellpadding: 0; -premailer-cellspacing: 0; -premailer-width: 100%;"><tr>
<td align="center" style="font-family: Avenir, Helvetica, sans-serif; box-sizing: border-box;">
                <table class="content" width="100%" cellpadding="0" cellspacing="0" style="font-family: Avenir, Helvetica, sans-serif; box-sizing: border-box; margin: 0; padding: 0; width: 100%; -premailer-cellpadding: 0; -premailer-cellspacing: 0; -premailer-width: 100%;">
<tr>
<td class="header" style="font-family: Avenir, Helvetica, sans-serif; box-sizing: border-box; padding: 25px 0; text-align: center;">
        <a href="https://allqart.com" style="font-family: Avenir, Helvetica, sans-serif; box-sizing: border-box; color: #bbbfc3; font-size: 19px; font-weight: bold; text-decoration: none; text-shadow: 0 1px 0 white;">
            Allqart.com: Online Marketplace
        </a>
    </td>
</tr>
<!-- Email Body --><tr>
<td class="body" width="100%" cellpadding="0" cellspacing="0" style="font-family: Avenir, Helvetica, sans-serif; box-sizing: border-box; background-color: #FFFFFF; border-bottom: 1px solid #EDEFF2; border-top: 1px solid #EDEFF2; margin: 0; padding: 0; width: 100%; -premailer-cellpadding: 0; -premailer-cellspacing: 0; -premailer-width: 100%;">
                            <table class="inner-body" align="center" width="570" cellpadding="0" cellspacing="0" style="font-family: Avenir, Helvetica, sans-serif; box-sizing: border-box; background-color: #FFFFFF; margin: 0 auto; padding: 0; width: 570px; -premailer-cellpadding: 0; -premailer-cellspacing: 0; -premailer-width: 570px;">
<!-- Body content --><tr>
<td class="content-cell" style="font-family: Avenir, Helvetica, sans-serif; box-sizing: border-box; padding: 35px;">
                                        <h1 style="font-family: Avenir, Helvetica, sans-serif; box-sizing: border-box; color: #2F3133; font-size: 19px; font-weight: bold; margin-top: 0; text-align: left;">Congratulation Sumatra coco!</h1>
<p style="font-family: Avenir, Helvetica, sans-serif; box-sizing: border-box; color: #74787E; font-size: 16px; line-height: 1.5em; margin-top: 0; text-align: left;">Your account has been created successfully! Click the button below to verify your email address.
<br></p>
<table class="action" align="center" width="100%" cellpadding="0" cellspacing="0" style="font-family: Avenir, Helvetica, sans-serif; box-sizing: border-box; margin: 30px auto; padding: 0; text-align: center; width: 100%; -premailer-cellpadding: 0; -premailer-cellspacing: 0; -premailer-width: 100%;"><tr>
<td align="center" style="font-family: Avenir, Helvetica, sans-serif; box-sizing: border-box;">
            <table width="100%" border="0" cellpadding="0" cellspacing="0" style="font-family: Avenir, Helvetica, sans-serif; box-sizing: border-box;"><tr>
<td align="center" style="font-family: Avenir, Helvetica, sans-serif; box-sizing: border-box;">
                        <table border="0" cellpadding="0" cellspacing="0" style="font-family: Avenir, Helvetica, sans-serif; box-sizing: border-box;"><tr>
<td style="font-family: Avenir, Helvetica, sans-serif; box-sizing: border-box;">
                                    <a href="https://allqart.com/customer/verify/1zeZJXH4J2iJkeE6bZJSR1K9WVaSYYBjgUdEnxtz" class="button button-blue" target="_blank" style="font-family: Avenir, Helvetica, sans-serif; box-sizing: border-box; border-radius: 3px; box-shadow: 0 2px 3px rgba(0, 0, 0, 0.16); color: #FFF; display: inline-block; text-decoration: none; -webkit-text-size-adjust: none; background-color: #3097D1; border-top: 10px solid #3097D1; border-right: 18px solid #3097D1; border-bottom: 10px solid #3097D1; border-left: 18px solid #3097D1;">Verify My Email</a>
                                </td>
                            </tr></table>
</td>
                </tr></table>
</td>
    </tr></table>
<p style="font-family: Avenir, Helvetica, sans-serif; box-sizing: border-box; color: #74787E; font-size: 16px; line-height: 1.5em; margin-top: 0; text-align: left;">Thanks,<br>
Allqart.com: Online Marketplace</p>

                                        
                                    </td>
                                </tr>
</table>
</td>
                    </tr>
<tr>
<td style="font-family: Avenir, Helvetica, sans-serif; box-sizing: border-box;">
        <table class="footer" align="center" width="570" cellpadding="0" cellspacing="0" style="font-family: Avenir, Helvetica, sans-serif; box-sizing: border-box; margin: 0 auto; padding: 0; text-align: center; width: 570px; -premailer-cellpadding: 0; -premailer-cellspacing: 0; -premailer-width: 570px;"><tr>
<td class="content-cell" align="center" style="font-family: Avenir, Helvetica, sans-serif; box-sizing: border-box; padding: 35px;">
                    <p style="font-family: Avenir, Helvetica, sans-serif; box-sizing: border-box; line-height: 1.5em; margin-top: 0; color: #AEAEAE; font-size: 12px; text-align: center;">© 2021 Allqart.com: Online Marketplace. All rights reserved.</p>
                </td>
            </tr></table>
</td>
</tr>
</table>
</td>
        </tr></table>
</body>
</html>

Content-Type: text/plain; charset=utf-8
Content-Transfer-Encoding: quoted-printable

[Allqart.com: Online Marketplace](https://allqart.com)

#Congratulation Sumatra coco!

Your account has been created successfully! Click the button below to verify your email address.

Verify My Email: https://allqart.com/customer/verify/1zeZJXH4J2iJkeE6bZJSR1K9WVaSYYBjgUdEnxtz

Thanks,
Allqart.com: Online Marketplace

© 2021 Allqart.com: Online Marketplace. All rights reserved.
  
[2021-02-28 12:52:31] production.DEBUG: Message-ID: <9ae28e17046027a2acb3f9a2ebadd647@allqart.com>
Date: Sun, 28 Feb 2021 12:52:31 +0530
Subject: Verify your Allqart.com: Online Marketplace account!
From: Surendra Kumar <info@allqart.com>
Reply-To: Reply <reply@allqart.com>
To: sumatracoco@gmail.com
MIME-Version: 1.0
Content-Type: multipart/alternative;
 boundary="_=_swift_1614496951_ea20db40b518710a02816f4f09781a6e_=_"

<!DOCTYPE html PUBLIC "-//W3C//DTD XHTML 1.0 Transitional//EN" "http://www.w3.org/TR/xhtml1/DTD/xhtml1-transitional.dtd">
<html xmlns="http://www.w3.org/1999/xhtml">
<head>
<meta name="viewport" content="width=device-width, initial-scale=1.0">
<meta http-equiv="Content-Type" content="text/html; charset=UTF-8">
</head>
<body style="font-family: Avenir, Helvetica, sans-serif; box-sizing: border-box; background-color: #f5f8fa; color: #74787E; height: 100%; hyphens: auto; line-height: 1.4; margin: 0; -moz-hyphens: auto; -ms-word-break: break-all; width: 100% !important; -webkit-hyphens: auto; -webkit-text-size-adjust: none; word-break: break-word;">
    <style>
        @media  only screen and (max-width: 600px) {
            .inner-body {
                width: 100% !important;
            }

            .footer {
                width: 100% !important;
            }
        }

        @media  only screen and (max-width: 500px) {
            .button {
                width: 100% !important;
            }
        }
    </style>
<table class="wrapper" width="100%" cellpadding="0" cellspacing="0" style="font-family: Avenir, Helvetica, sans-serif; box-sizing: border-box; background-color: #f5f8fa; margin: 0; padding: 0; width: 100%; -premailer-cellpadding: 0; -premailer-cellspacing: 0; -premailer-width: 100%;"><tr>
<td align="center" style="font-family: Avenir, Helvetica, sans-serif; box-sizing: border-box;">
                <table class="content" width="100%" cellpadding="0" cellspacing="0" style="font-family: Avenir, Helvetica, sans-serif; box-sizing: border-box; margin: 0; padding: 0; width: 100%; -premailer-cellpadding: 0; -premailer-cellspacing: 0; -premailer-width: 100%;">
<tr>
<td class="header" style="font-family: Avenir, Helvetica, sans-serif; box-sizing: border-box; padding: 25px 0; text-align: center;">
        <a href="https://allqart.com" style="font-family: Avenir, Helvetica, sans-serif; box-sizing: border-box; color: #bbbfc3; font-size: 19px; font-weight: bold; text-decoration: none; text-shadow: 0 1px 0 white;">
            Allqart.com: Online Marketplace
        </a>
    </td>
</tr>
<!-- Email Body --><tr>
<td class="body" width="100%" cellpadding="0" cellspacing="0" style="font-family: Avenir, Helvetica, sans-serif; box-sizing: border-box; background-color: #FFFFFF; border-bottom: 1px solid #EDEFF2; border-top: 1px solid #EDEFF2; margin: 0; padding: 0; width: 100%; -premailer-cellpadding: 0; -premailer-cellspacing: 0; -premailer-width: 100%;">
                            <table class="inner-body" align="center" width="570" cellpadding="0" cellspacing="0" style="font-family: Avenir, Helvetica, sans-serif; box-sizing: border-box; background-color: #FFFFFF; margin: 0 auto; padding: 0; width: 570px; -premailer-cellpadding: 0; -premailer-cellspacing: 0; -premailer-width: 570px;">
<!-- Body content --><tr>
<td class="content-cell" style="font-family: Avenir, Helvetica, sans-serif; box-sizing: border-box; padding: 35px;">
                                        <h1 style="font-family: Avenir, Helvetica, sans-serif; box-sizing: border-box; color: #2F3133; font-size: 19px; font-weight: bold; margin-top: 0; text-align: left;">Congratulation !</h1>
<p style="font-family: Avenir, Helvetica, sans-serif; box-sizing: border-box; color: #74787E; font-size: 16px; line-height: 1.5em; margin-top: 0; text-align: left;">Your account has been created successfully! Click the button below to verify your email address.
<br></p>
<table class="action" align="center" width="100%" cellpadding="0" cellspacing="0" style="font-family: Avenir, Helvetica, sans-serif; box-sizing: border-box; margin: 30px auto; padding: 0; text-align: center; width: 100%; -premailer-cellpadding: 0; -premailer-cellspacing: 0; -premailer-width: 100%;"><tr>
<td align="center" style="font-family: Avenir, Helvetica, sans-serif; box-sizing: border-box;">
            <table width="100%" border="0" cellpadding="0" cellspacing="0" style="font-family: Avenir, Helvetica, sans-serif; box-sizing: border-box;"><tr>
<td align="center" style="font-family: Avenir, Helvetica, sans-serif; box-sizing: border-box;">
                        <table border="0" cellpadding="0" cellspacing="0" style="font-family: Avenir, Helvetica, sans-serif; box-sizing: border-box;"><tr>
<td style="font-family: Avenir, Helvetica, sans-serif; box-sizing: border-box;">
                                    <a href="https://allqart.com/verify/ghxhAiyQK2kzHvU2RnuGxEMn4ZyceD8bK2mCkKki" class="button button-blue" target="_blank" style="font-family: Avenir, Helvetica, sans-serif; box-sizing: border-box; border-radius: 3px; box-shadow: 0 2px 3px rgba(0, 0, 0, 0.16); color: #FFF; display: inline-block; text-decoration: none; -webkit-text-size-adjust: none; background-color: #3097D1; border-top: 10px solid #3097D1; border-right: 18px solid #3097D1; border-bottom: 10px solid #3097D1; border-left: 18px solid #3097D1;">Verify My Email</a>
                                </td>
                            </tr></table>
</td>
                </tr></table>
</td>
    </tr></table>
<p style="font-family: Avenir, Helvetica, sans-serif; box-sizing: border-box; color: #74787E; font-size: 16px; line-height: 1.5em; margin-top: 0; text-align: left;">Thanks,<br>
Allqart.com: Online Marketplace</p>

                                        
                                    </td>
                                </tr>
</table>
</td>
                    </tr>
<tr>
<td style="font-family: Avenir, Helvetica, sans-serif; box-sizing: border-box;">
        <table class="footer" align="center" width="570" cellpadding="0" cellspacing="0" style="font-family: Avenir, Helvetica, sans-serif; box-sizing: border-box; margin: 0 auto; padding: 0; text-align: center; width: 570px; -premailer-cellpadding: 0; -premailer-cellspacing: 0; -premailer-width: 570px;"><tr>
<td class="content-cell" align="center" style="font-family: Avenir, Helvetica, sans-serif; box-sizing: border-box; padding: 35px;">
                    <p style="font-family: Avenir, Helvetica, sans-serif; box-sizing: border-box; line-height: 1.5em; margin-top: 0; color: #AEAEAE; font-size: 12px; text-align: center;">© 2021 Allqart.com: Online Marketplace. All rights reserved.</p>
                </td>
            </tr></table>
</td>
</tr>
</table>
</td>
        </tr></table>
</body>
</html>

Content-Type: text/plain; charset=utf-8
Content-Transfer-Encoding: quoted-printable

[Allqart.com: Online Marketplace](https://allqart.com)

#Congratulation !

Your account has been created successfully! Click the button below to verify your email address.

Verify My Email: https://allqart.com/verify/ghxhAiyQK2kzHvU2RnuGxEMn4ZyceD8bK2mCkKki

Thanks,
Allqart.com: Online Marketplace

© 2021 Allqart.com: Online Marketplace. All rights reserved.
  
[2021-02-28 12:52:31] production.DEBUG: Message-ID: <bf37105e521309e07ab5dc103daa8365@allqart.com>
Date: Sun, 28 Feb 2021 12:52:31 +0530
Subject: Your shop is ready to go!
From: Surendra Kumar <info@allqart.com>
Reply-To: Reply <reply@allqart.com>
To: sumatracoco@gmail.com
MIME-Version: 1.0
Content-Type: multipart/alternative;
 boundary="_=_swift_1614496951_d3c331b692acfef59308135dff26cedd_=_"

<!DOCTYPE html PUBLIC "-//W3C//DTD XHTML 1.0 Transitional//EN" "http://www.w3.org/TR/xhtml1/DTD/xhtml1-transitional.dtd">
<html xmlns="http://www.w3.org/1999/xhtml">
<head>
<meta name="viewport" content="width=device-width, initial-scale=1.0">
<meta http-equiv="Content-Type" content="text/html; charset=UTF-8">
</head>
<body style="font-family: Avenir, Helvetica, sans-serif; box-sizing: border-box; background-color: #f5f8fa; color: #74787E; height: 100%; hyphens: auto; line-height: 1.4; margin: 0; -moz-hyphens: auto; -ms-word-break: break-all; width: 100% !important; -webkit-hyphens: auto; -webkit-text-size-adjust: none; word-break: break-word;">
    <style>
        @media  only screen and (max-width: 600px) {
            .inner-body {
                width: 100% !important;
            }

            .footer {
                width: 100% !important;
            }
        }

        @media  only screen and (max-width: 500px) {
            .button {
                width: 100% !important;
            }
        }
    </style>
<table class="wrapper" width="100%" cellpadding="0" cellspacing="0" style="font-family: Avenir, Helvetica, sans-serif; box-sizing: border-box; background-color: #f5f8fa; margin: 0; padding: 0; width: 100%; -premailer-cellpadding: 0; -premailer-cellspacing: 0; -premailer-width: 100%;"><tr>
<td align="center" style="font-family: Avenir, Helvetica, sans-serif; box-sizing: border-box;">
                <table class="content" width="100%" cellpadding="0" cellspacing="0" style="font-family: Avenir, Helvetica, sans-serif; box-sizing: border-box; margin: 0; padding: 0; width: 100%; -premailer-cellpadding: 0; -premailer-cellspacing: 0; -premailer-width: 100%;">
<tr>
<td class="header" style="font-family: Avenir, Helvetica, sans-serif; box-sizing: border-box; padding: 25px 0; text-align: center;">
        <a href="https://allqart.com" style="font-family: Avenir, Helvetica, sans-serif; box-sizing: border-box; color: #bbbfc3; font-size: 19px; font-weight: bold; text-decoration: none; text-shadow: 0 1px 0 white;">
            Allqart.com: Online Marketplace
        </a>
    </td>
</tr>
<!-- Email Body --><tr>
<td class="body" width="100%" cellpadding="0" cellspacing="0" style="font-family: Avenir, Helvetica, sans-serif; box-sizing: border-box; background-color: #FFFFFF; border-bottom: 1px solid #EDEFF2; border-top: 1px solid #EDEFF2; margin: 0; padding: 0; width: 100%; -premailer-cellpadding: 0; -premailer-cellspacing: 0; -premailer-width: 100%;">
                            <table class="inner-body" align="center" width="570" cellpadding="0" cellspacing="0" style="font-family: Avenir, Helvetica, sans-serif; box-sizing: border-box; background-color: #FFFFFF; margin: 0 auto; padding: 0; width: 570px; -premailer-cellpadding: 0; -premailer-cellspacing: 0; -premailer-width: 570px;">
<!-- Body content --><tr>
<td class="content-cell" style="font-family: Avenir, Helvetica, sans-serif; box-sizing: border-box; padding: 35px;">
                                        <h1 style="font-family: Avenir, Helvetica, sans-serif; box-sizing: border-box; color: #2F3133; font-size: 19px; font-weight: bold; margin-top: 0; text-align: left;">Congratulation !</h1>
<p style="font-family: Avenir, Helvetica, sans-serif; box-sizing: border-box; color: #74787E; font-size: 16px; line-height: 1.5em; margin-top: 0; text-align: left;">Your shop Sumatracoco has been created successfully! Click the button below to login into shop admin panel.
<br></p>
<table class="action" align="center" width="100%" cellpadding="0" cellspacing="0" style="font-family: Avenir, Helvetica, sans-serif; box-sizing: border-box; margin: 30px auto; padding: 0; text-align: center; width: 100%; -premailer-cellpadding: 0; -premailer-cellspacing: 0; -premailer-width: 100%;"><tr>
<td align="center" style="font-family: Avenir, Helvetica, sans-serif; box-sizing: border-box;">
            <table width="100%" border="0" cellpadding="0" cellspacing="0" style="font-family: Avenir, Helvetica, sans-serif; box-sizing: border-box;"><tr>
<td align="center" style="font-family: Avenir, Helvetica, sans-serif; box-sizing: border-box;">
                        <table border="0" cellpadding="0" cellspacing="0" style="font-family: Avenir, Helvetica, sans-serif; box-sizing: border-box;"><tr>
<td style="font-family: Avenir, Helvetica, sans-serif; box-sizing: border-box;">
                                    <a href="https://allqart.com/login" class="button button-green" target="_blank" style="font-family: Avenir, Helvetica, sans-serif; box-sizing: border-box; border-radius: 3px; box-shadow: 0 2px 3px rgba(0, 0, 0, 0.16); color: #FFF; display: inline-block; text-decoration: none; -webkit-text-size-adjust: none; background-color: #2ab27b; border-top: 10px solid #2ab27b; border-right: 18px solid #2ab27b; border-bottom: 10px solid #2ab27b; border-left: 18px solid #2ab27b;">Go to the Dashboard</a>
                                </td>
                            </tr></table>
</td>
                </tr></table>
</td>
    </tr></table>
<p style="font-family: Avenir, Helvetica, sans-serif; box-sizing: border-box; color: #74787E; font-size: 16px; line-height: 1.5em; margin-top: 0; text-align: left;">Thanks,<br>
Allqart.com: Online Marketplace</p>

                                        
                                    </td>
                                </tr>
</table>
</td>
                    </tr>
<tr>
<td style="font-family: Avenir, Helvetica, sans-serif; box-sizing: border-box;">
        <table class="footer" align="center" width="570" cellpadding="0" cellspacing="0" style="font-family: Avenir, Helvetica, sans-serif; box-sizing: border-box; margin: 0 auto; padding: 0; text-align: center; width: 570px; -premailer-cellpadding: 0; -premailer-cellspacing: 0; -premailer-width: 570px;"><tr>
<td class="content-cell" align="center" style="font-family: Avenir, Helvetica, sans-serif; box-sizing: border-box; padding: 35px;">
                    <p style="font-family: Avenir, Helvetica, sans-serif; box-sizing: border-box; line-height: 1.5em; margin-top: 0; color: #AEAEAE; font-size: 12px; text-align: center;">© 2021 Allqart.com: Online Marketplace. All rights reserved.</p>
                </td>
            </tr></table>
</td>
</tr>
</table>
</td>
        </tr></table>
</body>
</html>

Content-Type: text/plain; charset=utf-8
Content-Transfer-Encoding: quoted-printable

[Allqart.com: Online Marketplace](https://allqart.com)

#Congratulation !

Your shop Sumatracoco has been created successfully! Click the button below to login into shop admin panel.

Go to the Dashboard: https://allqart.com/login

Thanks,
Allqart.com: Online Marketplace

© 2021 Allqart.com: Online Marketplace. All rights reserved.
  
[2021-02-28 12:52:31] production.DEBUG: Message-ID: <47b89f7fe469b895af49fe8c4d4d5554@allqart.com>
Date: Sun, 28 Feb 2021 12:52:31 +0530
Subject: New vendor just registered!
From: Surendra Kumar <info@allqart.com>
Reply-To: Reply <reply@allqart.com>
To: superadmin@demo.com
MIME-Version: 1.0
Content-Type: multipart/alternative;
 boundary="_=_swift_1614496951_e637648dda7c62587f578c0d7848e607_=_"

<!DOCTYPE html PUBLIC "-//W3C//DTD XHTML 1.0 Transitional//EN" "http://www.w3.org/TR/xhtml1/DTD/xhtml1-transitional.dtd">
<html xmlns="http://www.w3.org/1999/xhtml">
<head>
<meta name="viewport" content="width=device-width, initial-scale=1.0">
<meta http-equiv="Content-Type" content="text/html; charset=UTF-8">
</head>
<body style="font-family: Avenir, Helvetica, sans-serif; box-sizing: border-box; background-color: #f5f8fa; color: #74787E; height: 100%; hyphens: auto; line-height: 1.4; margin: 0; -moz-hyphens: auto; -ms-word-break: break-all; width: 100% !important; -webkit-hyphens: auto; -webkit-text-size-adjust: none; word-break: break-word;">
    <style>
        @media  only screen and (max-width: 600px) {
            .inner-body {
                width: 100% !important;
            }

            .footer {
                width: 100% !important;
            }
        }

        @media  only screen and (max-width: 500px) {
            .button {
                width: 100% !important;
            }
        }
    </style>
<table class="wrapper" width="100%" cellpadding="0" cellspacing="0" style="font-family: Avenir, Helvetica, sans-serif; box-sizing: border-box; background-color: #f5f8fa; margin: 0; padding: 0; width: 100%; -premailer-cellpadding: 0; -premailer-cellspacing: 0; -premailer-width: 100%;"><tr>
<td align="center" style="font-family: Avenir, Helvetica, sans-serif; box-sizing: border-box;">
                <table class="content" width="100%" cellpadding="0" cellspacing="0" style="font-family: Avenir, Helvetica, sans-serif; box-sizing: border-box; margin: 0; padding: 0; width: 100%; -premailer-cellpadding: 0; -premailer-cellspacing: 0; -premailer-width: 100%;">
<tr>
<td class="header" style="font-family: Avenir, Helvetica, sans-serif; box-sizing: border-box; padding: 25px 0; text-align: center;">
        <a href="https://allqart.com" style="font-family: Avenir, Helvetica, sans-serif; box-sizing: border-box; color: #bbbfc3; font-size: 19px; font-weight: bold; text-decoration: none; text-shadow: 0 1px 0 white;">
            Allqart.com: Online Marketplace
        </a>
    </td>
</tr>
<!-- Email Body --><tr>
<td class="body" width="100%" cellpadding="0" cellspacing="0" style="font-family: Avenir, Helvetica, sans-serif; box-sizing: border-box; background-color: #FFFFFF; border-bottom: 1px solid #EDEFF2; border-top: 1px solid #EDEFF2; margin: 0; padding: 0; width: 100%; -premailer-cellpadding: 0; -premailer-cellspacing: 0; -premailer-width: 100%;">
                            <table class="inner-body" align="center" width="570" cellpadding="0" cellspacing="0" style="font-family: Avenir, Helvetica, sans-serif; box-sizing: border-box; background-color: #FFFFFF; margin: 0 auto; padding: 0; width: 570px; -premailer-cellpadding: 0; -premailer-cellspacing: 0; -premailer-width: 570px;">
<!-- Body content --><tr>
<td class="content-cell" style="font-family: Avenir, Helvetica, sans-serif; box-sizing: border-box; padding: 35px;">
                                        <h1 style="font-family: Avenir, Helvetica, sans-serif; box-sizing: border-box; color: #2F3133; font-size: 19px; font-weight: bold; margin-top: 0; text-align: left;">Congratulation!</h1>
<p style="font-family: Avenir, Helvetica, sans-serif; box-sizing: border-box; color: #74787E; font-size: 16px; line-height: 1.5em; margin-top: 0; text-align: left;">Your marketplace Allqart.com: Online Marketplace just got a new verdor with shop name <strong style="font-family: Avenir, Helvetica, sans-serif; box-sizing: border-box;">Sumatracoco</strong> and the merchant's email address is sumatracoco@gmail.com
<br></p>
<table class="action" align="center" width="100%" cellpadding="0" cellspacing="0" style="font-family: Avenir, Helvetica, sans-serif; box-sizing: border-box; margin: 30px auto; padding: 0; text-align: center; width: 100%; -premailer-cellpadding: 0; -premailer-cellspacing: 0; -premailer-width: 100%;"><tr>
<td align="center" style="font-family: Avenir, Helvetica, sans-serif; box-sizing: border-box;">
            <table width="100%" border="0" cellpadding="0" cellspacing="0" style="font-family: Avenir, Helvetica, sans-serif; box-sizing: border-box;"><tr>
<td align="center" style="font-family: Avenir, Helvetica, sans-serif; box-sizing: border-box;">
                        <table border="0" cellpadding="0" cellspacing="0" style="font-family: Avenir, Helvetica, sans-serif; box-sizing: border-box;"><tr>
<td style="font-family: Avenir, Helvetica, sans-serif; box-sizing: border-box;">
                                    <a href="https://allqart.com/admin/vendor/shop" class="button button-green" target="_blank" style="font-family: Avenir, Helvetica, sans-serif; box-sizing: border-box; border-radius: 3px; box-shadow: 0 2px 3px rgba(0, 0, 0, 0.16); color: #FFF; display: inline-block; text-decoration: none; -webkit-text-size-adjust: none; background-color: #2ab27b; border-top: 10px solid #2ab27b; border-right: 18px solid #2ab27b; border-bottom: 10px solid #2ab27b; border-left: 18px solid #2ab27b;">Go to the Dashboard</a>
                                </td>
                            </tr></table>
</td>
                </tr></table>
</td>
    </tr></table>
<p style="font-family: Avenir, Helvetica, sans-serif; box-sizing: border-box; color: #74787E; font-size: 16px; line-height: 1.5em; margin-top: 0; text-align: left;">Thanks,<br>
Allqart.com: Online Marketplace</p>

                                        
                                    </td>
                                </tr>
</table>
</td>
                    </tr>
<tr>
<td style="font-family: Avenir, Helvetica, sans-serif; box-sizing: border-box;">
        <table class="footer" align="center" width="570" cellpadding="0" cellspacing="0" style="font-family: Avenir, Helvetica, sans-serif; box-sizing: border-box; margin: 0 auto; padding: 0; text-align: center; width: 570px; -premailer-cellpadding: 0; -premailer-cellspacing: 0; -premailer-width: 570px;"><tr>
<td class="content-cell" align="center" style="font-family: Avenir, Helvetica, sans-serif; box-sizing: border-box; padding: 35px;">
                    <p style="font-family: Avenir, Helvetica, sans-serif; box-sizing: border-box; line-height: 1.5em; margin-top: 0; color: #AEAEAE; font-size: 12px; text-align: center;">© 2021 Allqart.com: Online Marketplace. All rights reserved.</p>
                </td>
            </tr></table>
</td>
</tr>
</table>
</td>
        </tr></table>
</body>
</html>

Content-Type: text/plain; charset=utf-8
Content-Transfer-Encoding: quoted-printable

[Allqart.com: Online Marketplace](https://allqart.com)

#Congratulation!

Your marketplace Allqart.com: Online Marketplace just got a new verdor with shop name Sumatracoco and the merchant's email address is sumatracoco@gmail.com

Go to the Dashboard: https://allqart.com/admin/vendor/shop

Thanks,
Allqart.com: Online Marketplace

© 2021 Allqart.com: Online Marketplace. All rights reserved.
  
[2021-02-28 14:11:26] production.DEBUG: Message-ID: <18a52ca9996611c9808b6c81b7798634@allqart.com>
Date: Sun, 28 Feb 2021 14:11:26 +0530
Subject: Verify your Allqart.com: Online Marketplace account!
From: Surendra Kumar <info@allqart.com>
Reply-To: Reply <reply@allqart.com>
To: kenwoodjewellery@gmail.com
MIME-Version: 1.0
Content-Type: multipart/alternative;
 boundary="_=_swift_1614501686_296ce1b0edc6de72e0859002c3f6c77c_=_"

<!DOCTYPE html PUBLIC "-//W3C//DTD XHTML 1.0 Transitional//EN" "http://www.w3.org/TR/xhtml1/DTD/xhtml1-transitional.dtd">
<html xmlns="http://www.w3.org/1999/xhtml">
<head>
<meta name="viewport" content="width=device-width, initial-scale=1.0">
<meta http-equiv="Content-Type" content="text/html; charset=UTF-8">
</head>
<body style="font-family: Avenir, Helvetica, sans-serif; box-sizing: border-box; background-color: #f5f8fa; color: #74787E; height: 100%; hyphens: auto; line-height: 1.4; margin: 0; -moz-hyphens: auto; -ms-word-break: break-all; width: 100% !important; -webkit-hyphens: auto; -webkit-text-size-adjust: none; word-break: break-word;">
    <style>
        @media  only screen and (max-width: 600px) {
            .inner-body {
                width: 100% !important;
            }

            .footer {
                width: 100% !important;
            }
        }

        @media  only screen and (max-width: 500px) {
            .button {
                width: 100% !important;
            }
        }
    </style>
<table class="wrapper" width="100%" cellpadding="0" cellspacing="0" style="font-family: Avenir, Helvetica, sans-serif; box-sizing: border-box; background-color: #f5f8fa; margin: 0; padding: 0; width: 100%; -premailer-cellpadding: 0; -premailer-cellspacing: 0; -premailer-width: 100%;"><tr>
<td align="center" style="font-family: Avenir, Helvetica, sans-serif; box-sizing: border-box;">
                <table class="content" width="100%" cellpadding="0" cellspacing="0" style="font-family: Avenir, Helvetica, sans-serif; box-sizing: border-box; margin: 0; padding: 0; width: 100%; -premailer-cellpadding: 0; -premailer-cellspacing: 0; -premailer-width: 100%;">
<tr>
<td class="header" style="font-family: Avenir, Helvetica, sans-serif; box-sizing: border-box; padding: 25px 0; text-align: center;">
        <a href="https://allqart.com" style="font-family: Avenir, Helvetica, sans-serif; box-sizing: border-box; color: #bbbfc3; font-size: 19px; font-weight: bold; text-decoration: none; text-shadow: 0 1px 0 white;">
            Allqart.com: Online Marketplace
        </a>
    </td>
</tr>
<!-- Email Body --><tr>
<td class="body" width="100%" cellpadding="0" cellspacing="0" style="font-family: Avenir, Helvetica, sans-serif; box-sizing: border-box; background-color: #FFFFFF; border-bottom: 1px solid #EDEFF2; border-top: 1px solid #EDEFF2; margin: 0; padding: 0; width: 100%; -premailer-cellpadding: 0; -premailer-cellspacing: 0; -premailer-width: 100%;">
                            <table class="inner-body" align="center" width="570" cellpadding="0" cellspacing="0" style="font-family: Avenir, Helvetica, sans-serif; box-sizing: border-box; background-color: #FFFFFF; margin: 0 auto; padding: 0; width: 570px; -premailer-cellpadding: 0; -premailer-cellspacing: 0; -premailer-width: 570px;">
<!-- Body content --><tr>
<td class="content-cell" style="font-family: Avenir, Helvetica, sans-serif; box-sizing: border-box; padding: 35px;">
                                        <h1 style="font-family: Avenir, Helvetica, sans-serif; box-sizing: border-box; color: #2F3133; font-size: 19px; font-weight: bold; margin-top: 0; text-align: left;">Congratulation Irshad Ahmad!</h1>
<p style="font-family: Avenir, Helvetica, sans-serif; box-sizing: border-box; color: #74787E; font-size: 16px; line-height: 1.5em; margin-top: 0; text-align: left;">Your account has been created successfully! Click the button below to verify your email address.
<br></p>
<table class="action" align="center" width="100%" cellpadding="0" cellspacing="0" style="font-family: Avenir, Helvetica, sans-serif; box-sizing: border-box; margin: 30px auto; padding: 0; text-align: center; width: 100%; -premailer-cellpadding: 0; -premailer-cellspacing: 0; -premailer-width: 100%;"><tr>
<td align="center" style="font-family: Avenir, Helvetica, sans-serif; box-sizing: border-box;">
            <table width="100%" border="0" cellpadding="0" cellspacing="0" style="font-family: Avenir, Helvetica, sans-serif; box-sizing: border-box;"><tr>
<td align="center" style="font-family: Avenir, Helvetica, sans-serif; box-sizing: border-box;">
                        <table border="0" cellpadding="0" cellspacing="0" style="font-family: Avenir, Helvetica, sans-serif; box-sizing: border-box;"><tr>
<td style="font-family: Avenir, Helvetica, sans-serif; box-sizing: border-box;">
                                    <a href="https://allqart.com/customer/verify/7ZKyl5eWO8RfRqEQbXyrTqKgl5izvb7bICxUAWaG" class="button button-blue" target="_blank" style="font-family: Avenir, Helvetica, sans-serif; box-sizing: border-box; border-radius: 3px; box-shadow: 0 2px 3px rgba(0, 0, 0, 0.16); color: #FFF; display: inline-block; text-decoration: none; -webkit-text-size-adjust: none; background-color: #3097D1; border-top: 10px solid #3097D1; border-right: 18px solid #3097D1; border-bottom: 10px solid #3097D1; border-left: 18px solid #3097D1;">Verify My Email</a>
                                </td>
                            </tr></table>
</td>
                </tr></table>
</td>
    </tr></table>
<p style="font-family: Avenir, Helvetica, sans-serif; box-sizing: border-box; color: #74787E; font-size: 16px; line-height: 1.5em; margin-top: 0; text-align: left;">Thanks,<br>
Allqart.com: Online Marketplace</p>

                                        
                                    </td>
                                </tr>
</table>
</td>
                    </tr>
<tr>
<td style="font-family: Avenir, Helvetica, sans-serif; box-sizing: border-box;">
        <table class="footer" align="center" width="570" cellpadding="0" cellspacing="0" style="font-family: Avenir, Helvetica, sans-serif; box-sizing: border-box; margin: 0 auto; padding: 0; text-align: center; width: 570px; -premailer-cellpadding: 0; -premailer-cellspacing: 0; -premailer-width: 570px;"><tr>
<td class="content-cell" align="center" style="font-family: Avenir, Helvetica, sans-serif; box-sizing: border-box; padding: 35px;">
                    <p style="font-family: Avenir, Helvetica, sans-serif; box-sizing: border-box; line-height: 1.5em; margin-top: 0; color: #AEAEAE; font-size: 12px; text-align: center;">© 2021 Allqart.com: Online Marketplace. All rights reserved.</p>
                </td>
            </tr></table>
</td>
</tr>
</table>
</td>
        </tr></table>
</body>
</html>

Content-Type: text/plain; charset=utf-8
Content-Transfer-Encoding: quoted-printable

[Allqart.com: Online Marketplace](https://allqart.com)

#Congratulation Irshad Ahmad!

Your account has been created successfully! Click the button below to verify your email address.

Verify My Email: https://allqart.com/customer/verify/7ZKyl5eWO8RfRqEQbXyrTqKgl5izvb7bICxUAWaG

Thanks,
Allqart.com: Online Marketplace

© 2021 Allqart.com: Online Marketplace. All rights reserved.
  
[2021-02-28 19:57:29] production.DEBUG: Message-ID: <ecd2cec15c6f6d397af2d6cbe2d8bdbd@allqart.com>
Date: Sun, 28 Feb 2021 19:57:29 +0530
Subject: Your shop is back to LIVE!
From: Surendra Kumar <info@allqart.com>
Reply-To: Reply <reply@allqart.com>
To: sumatracoco@gmail.com
MIME-Version: 1.0
Content-Type: multipart/alternative;
 boundary="_=_swift_1614522449_b32284e701ac836b0a51d0c7f24b5942_=_"

<!DOCTYPE html PUBLIC "-//W3C//DTD XHTML 1.0 Transitional//EN" "http://www.w3.org/TR/xhtml1/DTD/xhtml1-transitional.dtd">
<html xmlns="http://www.w3.org/1999/xhtml">
<head>
<meta name="viewport" content="width=device-width, initial-scale=1.0">
<meta http-equiv="Content-Type" content="text/html; charset=UTF-8">
</head>
<body style="font-family: Avenir, Helvetica, sans-serif; box-sizing: border-box; background-color: #f5f8fa; color: #74787E; height: 100%; hyphens: auto; line-height: 1.4; margin: 0; -moz-hyphens: auto; -ms-word-break: break-all; width: 100% !important; -webkit-hyphens: auto; -webkit-text-size-adjust: none; word-break: break-word;">
    <style>
        @media  only screen and (max-width: 600px) {
            .inner-body {
                width: 100% !important;
            }

            .footer {
                width: 100% !important;
            }
        }

        @media  only screen and (max-width: 500px) {
            .button {
                width: 100% !important;
            }
        }
    </style>
<table class="wrapper" width="100%" cellpadding="0" cellspacing="0" style="font-family: Avenir, Helvetica, sans-serif; box-sizing: border-box; background-color: #f5f8fa; margin: 0; padding: 0; width: 100%; -premailer-cellpadding: 0; -premailer-cellspacing: 0; -premailer-width: 100%;"><tr>
<td align="center" style="font-family: Avenir, Helvetica, sans-serif; box-sizing: border-box;">
                <table class="content" width="100%" cellpadding="0" cellspacing="0" style="font-family: Avenir, Helvetica, sans-serif; box-sizing: border-box; margin: 0; padding: 0; width: 100%; -premailer-cellpadding: 0; -premailer-cellspacing: 0; -premailer-width: 100%;">
<tr>
<td class="header" style="font-family: Avenir, Helvetica, sans-serif; box-sizing: border-box; padding: 25px 0; text-align: center;">
        <a href="https://allqart.com" style="font-family: Avenir, Helvetica, sans-serif; box-sizing: border-box; color: #bbbfc3; font-size: 19px; font-weight: bold; text-decoration: none; text-shadow: 0 1px 0 white;">
            Allqart.com: Online Marketplace
        </a>
    </td>
</tr>
<!-- Email Body --><tr>
<td class="body" width="100%" cellpadding="0" cellspacing="0" style="font-family: Avenir, Helvetica, sans-serif; box-sizing: border-box; background-color: #FFFFFF; border-bottom: 1px solid #EDEFF2; border-top: 1px solid #EDEFF2; margin: 0; padding: 0; width: 100%; -premailer-cellpadding: 0; -premailer-cellspacing: 0; -premailer-width: 100%;">
                            <table class="inner-body" align="center" width="570" cellpadding="0" cellspacing="0" style="font-family: Avenir, Helvetica, sans-serif; box-sizing: border-box; background-color: #FFFFFF; margin: 0 auto; padding: 0; width: 570px; -premailer-cellpadding: 0; -premailer-cellspacing: 0; -premailer-width: 570px;">
<!-- Body content --><tr>
<td class="content-cell" style="font-family: Avenir, Helvetica, sans-serif; box-sizing: border-box; padding: 35px;">
                                        <h1 style="font-family: Avenir, Helvetica, sans-serif; box-sizing: border-box; color: #2F3133; font-size: 19px; font-weight: bold; margin-top: 0; text-align: left;">Hello</h1>
<p style="font-family: Avenir, Helvetica, sans-serif; box-sizing: border-box; color: #74787E; font-size: 16px; line-height: 1.5em; margin-top: 0; text-align: left;">This is a notification to let you know that your shop Sumatracoco is back to live successfully!
<br></p>
<table class="action" align="center" width="100%" cellpadding="0" cellspacing="0" style="font-family: Avenir, Helvetica, sans-serif; box-sizing: border-box; margin: 30px auto; padding: 0; text-align: center; width: 100%; -premailer-cellpadding: 0; -premailer-cellspacing: 0; -premailer-width: 100%;"><tr>
<td align="center" style="font-family: Avenir, Helvetica, sans-serif; box-sizing: border-box;">
            <table width="100%" border="0" cellpadding="0" cellspacing="0" style="font-family: Avenir, Helvetica, sans-serif; box-sizing: border-box;"><tr>
<td align="center" style="font-family: Avenir, Helvetica, sans-serif; box-sizing: border-box;">
                        <table border="0" cellpadding="0" cellspacing="0" style="font-family: Avenir, Helvetica, sans-serif; box-sizing: border-box;"><tr>
<td style="font-family: Avenir, Helvetica, sans-serif; box-sizing: border-box;">
                                    <a href="https://allqart.com/login" class="button button-green" target="_blank" style="font-family: Avenir, Helvetica, sans-serif; box-sizing: border-box; border-radius: 3px; box-shadow: 0 2px 3px rgba(0, 0, 0, 0.16); color: #FFF; display: inline-block; text-decoration: none; -webkit-text-size-adjust: none; background-color: #2ab27b; border-top: 10px solid #2ab27b; border-right: 18px solid #2ab27b; border-bottom: 10px solid #2ab27b; border-left: 18px solid #2ab27b;">Go to the Dashboard</a>
                                </td>
                            </tr></table>
</td>
                </tr></table>
</td>
    </tr></table>
<p style="font-family: Avenir, Helvetica, sans-serif; box-sizing: border-box; color: #74787E; font-size: 16px; line-height: 1.5em; margin-top: 0; text-align: left;">Thanks,<br>
Allqart.com: Online Marketplace</p>

                                        
                                    </td>
                                </tr>
</table>
</td>
                    </tr>
<tr>
<td style="font-family: Avenir, Helvetica, sans-serif; box-sizing: border-box;">
        <table class="footer" align="center" width="570" cellpadding="0" cellspacing="0" style="font-family: Avenir, Helvetica, sans-serif; box-sizing: border-box; margin: 0 auto; padding: 0; text-align: center; width: 570px; -premailer-cellpadding: 0; -premailer-cellspacing: 0; -premailer-width: 570px;"><tr>
<td class="content-cell" align="center" style="font-family: Avenir, Helvetica, sans-serif; box-sizing: border-box; padding: 35px;">
                    <p style="font-family: Avenir, Helvetica, sans-serif; box-sizing: border-box; line-height: 1.5em; margin-top: 0; color: #AEAEAE; font-size: 12px; text-align: center;">© 2021 Allqart.com: Online Marketplace. All rights reserved.</p>
                </td>
            </tr></table>
</td>
</tr>
</table>
</td>
        </tr></table>
</body>
</html>

Content-Type: text/plain; charset=utf-8
Content-Transfer-Encoding: quoted-printable

[Allqart.com: Online Marketplace](https://allqart.com)

#Hello 

This is a notification to let you know that your shop Sumatracoco is back to live successfully!

Go to the Dashboard: https://allqart.com/login

Thanks,
Allqart.com: Online Marketplace

© 2021 Allqart.com: Online Marketplace. All rights reserved.
  
