[2021-03-04 09:21:05] production.INFO: ............................. Message Sending .....................................  
[2021-03-04 09:21:05] production.INFO: array (
  'subject' => 'Verify your Allqart.com: Online Marketplace account!',
)  
[2021-03-04 09:21:05] production.INFO: ........................... Message Sent Successfully .................................  
[2021-03-04 09:22:41] production.INFO: ............................. Message Sending .....................................  
[2021-03-04 09:22:41] production.INFO: array (
  'subject' => 'Verify your Allqart.com: Online Marketplace account!',
)  
[2021-03-04 09:22:41] production.INFO: ........................... Message Sent Successfully .................................  
[2021-03-04 09:22:43] production.INFO: ............................. Message Sending .....................................  
[2021-03-04 09:22:43] production.INFO: array (
  'subject' => 'Verify your Allqart.com: Online Marketplace account!',
)  
[2021-03-04 09:22:43] production.INFO: ........................... Message Sent Successfully .................................  
[2021-03-04 12:51:11] production.INFO: ............................. Message Sending .....................................  
[2021-03-04 12:51:11] production.INFO: array (
  'subject' => 'Verify your Allqart.com: Online Marketplace account!',
)  
[2021-03-04 12:51:11] production.INFO: ........................... Message Sent Successfully .................................  
[2021-03-04 12:51:11] production.INFO: ............................. Message Sending .....................................  
[2021-03-04 12:51:11] production.INFO: array (
  'subject' => 'Your shop is ready to go!',
)  
[2021-03-04 12:51:11] production.INFO: ........................... Message Sent Successfully .................................  
[2021-03-04 12:51:11] production.INFO: ............................. Message Sending .....................................  
[2021-03-04 12:51:11] production.INFO: array (
  'subject' => 'New vendor just registered!',
)  
[2021-03-04 12:51:11] production.INFO: ........................... Message Sent Successfully .................................  
[2021-03-04 13:00:57] production.INFO: ............................. Message Sending .....................................  
[2021-03-04 13:00:57] production.INFO: array (
  'subject' => 'Your shop is back to LIVE!',
)  
[2021-03-04 13:00:57] production.INFO: ........................... Message Sent Successfully .................................  
