[2021-02-28 12:49:18] production.INFO: ............................. Message Sending .....................................  
[2021-02-28 12:49:18] production.INFO: array (
  'subject' => 'Welcome to the Allqart.com: Online Marketplace marketplace!',
)  
[2021-02-28 12:49:18] production.INFO: ........................... Message Sent Successfully .................................  
[2021-02-28 12:49:34] production.INFO: ............................. Message Sending .....................................  
[2021-02-28 12:49:34] production.INFO: array (
  'subject' => 'Verify your Allqart.com: Online Marketplace account!',
)  
[2021-02-28 12:49:34] production.INFO: ........................... Message Sent Successfully .................................  
[2021-02-28 12:50:17] production.INFO: ............................. Message Sending .....................................  
[2021-02-28 12:50:17] production.INFO: array (
  'subject' => 'Verify your Allqart.com: Online Marketplace account!',
)  
[2021-02-28 12:50:17] production.INFO: ........................... Message Sent Successfully .................................  
[2021-02-28 12:52:31] production.INFO: ............................. Message Sending .....................................  
[2021-02-28 12:52:31] production.INFO: array (
  'subject' => 'Verify your Allqart.com: Online Marketplace account!',
)  
[2021-02-28 12:52:31] production.INFO: ........................... Message Sent Successfully .................................  
[2021-02-28 12:52:31] production.INFO: ............................. Message Sending .....................................  
[2021-02-28 12:52:31] production.INFO: array (
  'subject' => 'Your shop is ready to go!',
)  
[2021-02-28 12:52:31] production.INFO: ........................... Message Sent Successfully .................................  
[2021-02-28 12:52:31] production.INFO: ............................. Message Sending .....................................  
[2021-02-28 12:52:31] production.INFO: array (
  'subject' => 'New vendor just registered!',
)  
[2021-02-28 12:52:31] production.INFO: ........................... Message Sent Successfully .................................  
[2021-02-28 14:11:26] production.INFO: ............................. Message Sending .....................................  
[2021-02-28 14:11:26] production.INFO: array (
  'subject' => 'Verify your Allqart.com: Online Marketplace account!',
)  
[2021-02-28 14:11:26] production.INFO: ........................... Message Sent Successfully .................................  
[2021-02-28 14:42:32] production.ERROR: levenshtein(): Argument string(s) too long {"exception":"[object] (ErrorException(code: 0): levenshtein(): Argument string(s) too long at /var/www/vhosts/allqart.com/httpdocs/vendor/teamtnt/tntsearch/src/TNTSearch.php:346)
[stacktrace]
#0 [internal function]: Illuminate\\Foundation\\Bootstrap\\HandleExceptions->handleError(2, 'levenshtein(): ...', '/var/www/vhosts...', 346, Array)
#1 /var/www/vhosts/allqart.com/httpdocs/vendor/teamtnt/tntsearch/src/TNTSearch.php(346): levenshtein('leinj1ht2llnv5j...', 'len')
#2 /var/www/vhosts/allqart.com/httpdocs/vendor/teamtnt/tntsearch/src/TNTSearch.php(325): TeamTNT\\TNTSearch\\TNTSearch->fuzzySearch('len')
#3 /var/www/vhosts/allqart.com/httpdocs/vendor/teamtnt/tntsearch/src/TNTSearch.php(295): TeamTNT\\TNTSearch\\TNTSearch->getWordlistByKeyword('len', false)
#4 /var/www/vhosts/allqart.com/httpdocs/vendor/teamtnt/tntsearch/src/TNTSearch.php(118): TeamTNT\\TNTSearch\\TNTSearch->totalMatchingDocuments('len', false)
#5 /var/www/vhosts/allqart.com/httpdocs/vendor/teamtnt/laravel-scout-tntsearch-driver/src/Engines/TNTSearchEngine.php(166): TeamTNT\\TNTSearch\\TNTSearch->search('Len export comp...', 10000)
#6 /var/www/vhosts/allqart.com/httpdocs/vendor/teamtnt/laravel-scout-tntsearch-driver/src/Engines/TNTSearchEngine.php(94): TeamTNT\\Scout\\Engines\\TNTSearchEngine->performSearch(Object(Laravel\\Scout\\Builder))
#7 /var/www/vhosts/allqart.com/httpdocs/vendor/laravel/scout/src/Engines/Engine.php(98): TeamTNT\\Scout\\Engines\\TNTSearchEngine->search(Object(Laravel\\Scout\\Builder))
#8 /var/www/vhosts/allqart.com/httpdocs/vendor/laravel/scout/src/Builder.php(251): Laravel\\Scout\\Engines\\Engine->get(Object(Laravel\\Scout\\Builder))
#9 /var/www/vhosts/allqart.com/httpdocs/app/Http/Controllers/Storefront/SearchController.php(30): Laravel\\Scout\\Builder->get()
#10 [internal function]: App\\Http\\Controllers\\Storefront\\SearchController->search(Object(Illuminate\\Http\\Request))
#11 /var/www/vhosts/allqart.com/httpdocs/vendor/laravel/framework/src/Illuminate/Routing/Controller.php(54): call_user_func_array(Array, Array)
#12 /var/www/vhosts/allqart.com/httpdocs/vendor/laravel/framework/src/Illuminate/Routing/ControllerDispatcher.php(45): Illuminate\\Routing\\Controller->callAction('search', Array)
#13 /var/www/vhosts/allqart.com/httpdocs/vendor/laravel/framework/src/Illuminate/Routing/Route.php(219): Illuminate\\Routing\\ControllerDispatcher->dispatch(Object(Illuminate\\Routing\\Route), Object(App\\Http\\Controllers\\Storefront\\SearchController), 'search')
#14 /var/www/vhosts/allqart.com/httpdocs/vendor/laravel/framework/src/Illuminate/Routing/Route.php(176): Illuminate\\Routing\\Route->runController()
#15 /var/www/vhosts/allqart.com/httpdocs/vendor/laravel/framework/src/Illuminate/Routing/Router.php(682): Illuminate\\Routing\\Route->run()
#16 /var/www/vhosts/allqart.com/httpdocs/vendor/laravel/framework/src/Illuminate/Routing/Pipeline.php(30): Illuminate\\Routing\\Router->Illuminate\\Routing\\{closure}(Object(Illuminate\\Http\\Request))
#17 /var/www/vhosts/allqart.com/httpdocs/app/Http/Middleware/Storefront.php(51): Illuminate\\Routing\\Pipeline->Illuminate\\Routing\\{closure}(Object(Illuminate\\Http\\Request))
#18 /var/www/vhosts/allqart.com/httpdocs/vendor/laravel/framework/src/Illuminate/Pipeline/Pipeline.php(163): App\\Http\\Middleware\\Storefront->handle(Object(Illuminate\\Http\\Request), Object(Closure))
#19 /var/www/vhosts/allqart.com/httpdocs/vendor/laravel/framework/src/Illuminate/Routing/Pipeline.php(53): Illuminate\\Pipeline\\Pipeline->Illuminate\\Pipeline\\{closure}(Object(Illuminate\\Http\\Request))
#20 /var/www/vhosts/allqart.com/httpdocs/app/Http/Middleware/CookieConsentMiddleware.php(21): Illuminate\\Routing\\Pipeline->Illuminate\\Routing\\{closure}(Object(Illuminate\\Http\\Request))
#21 /var/www/vhosts/allqart.com/httpdocs/vendor/laravel/framework/src/Illuminate/Pipeline/Pipeline.php(163): App\\Http\\Middleware\\CookieConsentMiddleware->handle(Object(Illuminate\\Http\\Request), Object(Closure))
#22 /var/www/vhosts/allqart.com/httpdocs/vendor/laravel/framework/src/Illuminate/Routing/Pipeline.php(53): Illuminate\\Pipeline\\Pipeline->Illuminate\\Pipeline\\{closure}(Object(Illuminate\\Http\\Request))
#23 /var/www/vhosts/allqart.com/httpdocs/app/Http/Middleware/Language.php(67): Illuminate\\Routing\\Pipeline->Illuminate\\Routing\\{closure}(Object(Illuminate\\Http\\Request))
#24 /var/www/vhosts/allqart.com/httpdocs/vendor/laravel/framework/src/Illuminate/Pipeline/Pipeline.php(163): App\\Http\\Middleware\\Language->handle(Object(Illuminate\\Http\\Request), Object(Closure))
#25 /var/www/vhosts/allqart.com/httpdocs/vendor/laravel/framework/src/Illuminate/Routing/Pipeline.php(53): Illuminate\\Pipeline\\Pipeline->Illuminate\\Pipeline\\{closure}(Object(Illuminate\\Http\\Request))
#26 /var/www/vhosts/allqart.com/httpdocs/app/Http/Middleware/InitSettings.php(42): Illuminate\\Routing\\Pipeline->Illuminate\\Routing\\{closure}(Object(Illuminate\\Http\\Request))
#27 /var/www/vhosts/allqart.com/httpdocs/vendor/laravel/framework/src/Illuminate/Pipeline/Pipeline.php(163): App\\Http\\Middleware\\InitSettings->handle(Object(Illuminate\\Http\\Request), Object(Closure))
#28 /var/www/vhosts/allqart.com/httpdocs/vendor/laravel/framework/src/Illuminate/Routing/Pipeline.php(53): Illuminate\\Pipeline\\Pipeline->Illuminate\\Pipeline\\{closure}(Object(Illuminate\\Http\\Request))
#29 /var/www/vhosts/allqart.com/httpdocs/vendor/laravel/framework/src/Illuminate/Routing/Middleware/SubstituteBindings.php(41): Illuminate\\Routing\\Pipeline->Illuminate\\Routing\\{closure}(Object(Illuminate\\Http\\Request))
#30 /var/www/vhosts/allqart.com/httpdocs/vendor/laravel/framework/src/Illuminate/Pipeline/Pipeline.php(163): Illuminate\\Routing\\Middleware\\SubstituteBindings->handle(Object(Illuminate\\Http\\Request), Object(Closure))
#31 /var/www/vhosts/allqart.com/httpdocs/vendor/laravel/framework/src/Illuminate/Routing/Pipeline.php(53): Illuminate\\Pipeline\\Pipeline->Illuminate\\Pipeline\\{closure}(Object(Illuminate\\Http\\Request))
#32 /var/www/vhosts/allqart.com/httpdocs/vendor/laravel/framework/src/Illuminate/Foundation/Http/Middleware/VerifyCsrfToken.php(75): Illuminate\\Routing\\Pipeline->Illuminate\\Routing\\{closure}(Object(Illuminate\\Http\\Request))
#33 /var/www/vhosts/allqart.com/httpdocs/vendor/laravel/framework/src/Illuminate/Pipeline/Pipeline.php(163): Illuminate\\Foundation\\Http\\Middleware\\VerifyCsrfToken->handle(Object(Illuminate\\Http\\Request), Object(Closure))
#34 /var/www/vhosts/allqart.com/httpdocs/vendor/laravel/framework/src/Illuminate/Routing/Pipeline.php(53): Illuminate\\Pipeline\\Pipeline->Illuminate\\Pipeline\\{closure}(Object(Illuminate\\Http\\Request))
#35 /var/www/vhosts/allqart.com/httpdocs/vendor/laravel/framework/src/Illuminate/View/Middleware/ShareErrorsFromSession.php(49): Illuminate\\Routing\\Pipeline->Illuminate\\Routing\\{closure}(Object(Illuminate\\Http\\Request))
#36 /var/www/vhosts/allqart.com/httpdocs/vendor/laravel/framework/src/Illuminate/Pipeline/Pipeline.php(163): Illuminate\\View\\Middleware\\ShareErrorsFromSession->handle(Object(Illuminate\\Http\\Request), Object(Closure))
#37 /var/www/vhosts/allqart.com/httpdocs/vendor/laravel/framework/src/Illuminate/Routing/Pipeline.php(53): Illuminate\\Pipeline\\Pipeline->Illuminate\\Pipeline\\{closure}(Object(Illuminate\\Http\\Request))
#38 /var/www/vhosts/allqart.com/httpdocs/vendor/laravel/framework/src/Illuminate/Session/Middleware/StartSession.php(63): Illuminate\\Routing\\Pipeline->Illuminate\\Routing\\{closure}(Object(Illuminate\\Http\\Request))
#39 /var/www/vhosts/allqart.com/httpdocs/vendor/laravel/framework/src/Illuminate/Pipeline/Pipeline.php(163): Illuminate\\Session\\Middleware\\StartSession->handle(Object(Illuminate\\Http\\Request), Object(Closure))
#40 /var/www/vhosts/allqart.com/httpdocs/vendor/laravel/framework/src/Illuminate/Routing/Pipeline.php(53): Illuminate\\Pipeline\\Pipeline->Illuminate\\Pipeline\\{closure}(Object(Illuminate\\Http\\Request))
#41 /var/www/vhosts/allqart.com/httpdocs/vendor/laravel/framework/src/Illuminate/Cookie/Middleware/AddQueuedCookiesToResponse.php(37): Illuminate\\Routing\\Pipeline->Illuminate\\Routing\\{closure}(Object(Illuminate\\Http\\Request))
#42 /var/www/vhosts/allqart.com/httpdocs/vendor/laravel/framework/src/Illuminate/Pipeline/Pipeline.php(163): Illuminate\\Cookie\\Middleware\\AddQueuedCookiesToResponse->handle(Object(Illuminate\\Http\\Request), Object(Closure))
#43 /var/www/vhosts/allqart.com/httpdocs/vendor/laravel/framework/src/Illuminate/Routing/Pipeline.php(53): Illuminate\\Pipeline\\Pipeline->Illuminate\\Pipeline\\{closure}(Object(Illuminate\\Http\\Request))
#44 /var/www/vhosts/allqart.com/httpdocs/vendor/laravel/framework/src/Illuminate/Cookie/Middleware/EncryptCookies.php(66): Illuminate\\Routing\\Pipeline->Illuminate\\Routing\\{closure}(Object(Illuminate\\Http\\Request))
#45 /var/www/vhosts/allqart.com/httpdocs/vendor/laravel/framework/src/Illuminate/Pipeline/Pipeline.php(163): Illuminate\\Cookie\\Middleware\\EncryptCookies->handle(Object(Illuminate\\Http\\Request), Object(Closure))
#46 /var/www/vhosts/allqart.com/httpdocs/vendor/laravel/framework/src/Illuminate/Routing/Pipeline.php(53): Illuminate\\Pipeline\\Pipeline->Illuminate\\Pipeline\\{closure}(Object(Illuminate\\Http\\Request))
#47 /var/www/vhosts/allqart.com/httpdocs/vendor/laravel/framework/src/Illuminate/Pipeline/Pipeline.php(104): Illuminate\\Routing\\Pipeline->Illuminate\\Routing\\{closure}(Object(Illuminate\\Http\\Request))
#48 /var/www/vhosts/allqart.com/httpdocs/vendor/laravel/framework/src/Illuminate/Routing/Router.php(684): Illuminate\\Pipeline\\Pipeline->then(Object(Closure))
#49 /var/www/vhosts/allqart.com/httpdocs/vendor/laravel/framework/src/Illuminate/Routing/Router.php(659): Illuminate\\Routing\\Router->runRouteWithinStack(Object(Illuminate\\Routing\\Route), Object(Illuminate\\Http\\Request))
#50 /var/www/vhosts/allqart.com/httpdocs/vendor/laravel/framework/src/Illuminate/Routing/Router.php(625): Illuminate\\Routing\\Router->runRoute(Object(Illuminate\\Http\\Request), Object(Illuminate\\Routing\\Route))
#51 /var/www/vhosts/allqart.com/httpdocs/vendor/laravel/framework/src/Illuminate/Routing/Router.php(614): Illuminate\\Routing\\Router->dispatchToRoute(Object(Illuminate\\Http\\Request))
#52 /var/www/vhosts/allqart.com/httpdocs/vendor/laravel/framework/src/Illuminate/Foundation/Http/Kernel.php(176): Illuminate\\Routing\\Router->dispatch(Object(Illuminate\\Http\\Request))
#53 /var/www/vhosts/allqart.com/httpdocs/vendor/laravel/framework/src/Illuminate/Routing/Pipeline.php(30): Illuminate\\Foundation\\Http\\Kernel->Illuminate\\Foundation\\Http\\{closure}(Object(Illuminate\\Http\\Request))
#54 /var/www/vhosts/allqart.com/httpdocs/vendor/spatie/laravel-cors/src/Cors.php(28): Illuminate\\Routing\\Pipeline->Illuminate\\Routing\\{closure}(Object(Illuminate\\Http\\Request))
#55 /var/www/vhosts/allqart.com/httpdocs/vendor/laravel/framework/src/Illuminate/Pipeline/Pipeline.php(163): Spatie\\Cors\\Cors->handle(Object(Illuminate\\Http\\Request), Object(Closure))
#56 /var/www/vhosts/allqart.com/httpdocs/vendor/laravel/framework/src/Illuminate/Routing/Pipeline.php(53): Illuminate\\Pipeline\\Pipeline->Illuminate\\Pipeline\\{closure}(Object(Illuminate\\Http\\Request))
#57 /var/www/vhosts/allqart.com/httpdocs/app/Http/Middleware/CheckForInstallation.php(19): Illuminate\\Routing\\Pipeline->Illuminate\\Routing\\{closure}(Object(Illuminate\\Http\\Request))
#58 /var/www/vhosts/allqart.com/httpdocs/vendor/laravel/framework/src/Illuminate/Pipeline/Pipeline.php(163): App\\Http\\Middleware\\CheckForInstallation->handle(Object(Illuminate\\Http\\Request), Object(Closure))
#59 /var/www/vhosts/allqart.com/httpdocs/vendor/laravel/framework/src/Illuminate/Routing/Pipeline.php(53): Illuminate\\Pipeline\\Pipeline->Illuminate\\Pipeline\\{closure}(Object(Illuminate\\Http\\Request))
#60 /var/www/vhosts/allqart.com/httpdocs/vendor/fideloper/proxy/src/TrustProxies.php(57): Illuminate\\Routing\\Pipeline->Illuminate\\Routing\\{closure}(Object(Illuminate\\Http\\Request))
#61 /var/www/vhosts/allqart.com/httpdocs/vendor/laravel/framework/src/Illuminate/Pipeline/Pipeline.php(163): Fideloper\\Proxy\\TrustProxies->handle(Object(Illuminate\\Http\\Request), Object(Closure))
#62 /var/www/vhosts/allqart.com/httpdocs/vendor/laravel/framework/src/Illuminate/Routing/Pipeline.php(53): Illuminate\\Pipeline\\Pipeline->Illuminate\\Pipeline\\{closure}(Object(Illuminate\\Http\\Request))
#63 /var/www/vhosts/allqart.com/httpdocs/vendor/laravel/framework/src/Illuminate/Foundation/Http/Middleware/TransformsRequest.php(31): Illuminate\\Routing\\Pipeline->Illuminate\\Routing\\{closure}(Object(Illuminate\\Http\\Request))
#64 /var/www/vhosts/allqart.com/httpdocs/vendor/laravel/framework/src/Illuminate/Pipeline/Pipeline.php(163): Illuminate\\Foundation\\Http\\Middleware\\TransformsRequest->handle(Object(Illuminate\\Http\\Request), Object(Closure))
#65 /var/www/vhosts/allqart.com/httpdocs/vendor/laravel/framework/src/Illuminate/Routing/Pipeline.php(53): Illuminate\\Pipeline\\Pipeline->Illuminate\\Pipeline\\{closure}(Object(Illuminate\\Http\\Request))
#66 /var/www/vhosts/allqart.com/httpdocs/vendor/laravel/framework/src/Illuminate/Foundation/Http/Middleware/TransformsRequest.php(31): Illuminate\\Routing\\Pipeline->Illuminate\\Routing\\{closure}(Object(Illuminate\\Http\\Request))
#67 /var/www/vhosts/allqart.com/httpdocs/vendor/laravel/framework/src/Illuminate/Pipeline/Pipeline.php(163): Illuminate\\Foundation\\Http\\Middleware\\TransformsRequest->handle(Object(Illuminate\\Http\\Request), Object(Closure))
#68 /var/www/vhosts/allqart.com/httpdocs/vendor/laravel/framework/src/Illuminate/Routing/Pipeline.php(53): Illuminate\\Pipeline\\Pipeline->Illuminate\\Pipeline\\{closure}(Object(Illuminate\\Http\\Request))
#69 /var/www/vhosts/allqart.com/httpdocs/vendor/laravel/framework/src/Illuminate/Foundation/Http/Middleware/ValidatePostSize.php(27): Illuminate\\Routing\\Pipeline->Illuminate\\Routing\\{closure}(Object(Illuminate\\Http\\Request))
#70 /var/www/vhosts/allqart.com/httpdocs/vendor/laravel/framework/src/Illuminate/Pipeline/Pipeline.php(163): Illuminate\\Foundation\\Http\\Middleware\\ValidatePostSize->handle(Object(Illuminate\\Http\\Request), Object(Closure))
#71 /var/www/vhosts/allqart.com/httpdocs/vendor/laravel/framework/src/Illuminate/Routing/Pipeline.php(53): Illuminate\\Pipeline\\Pipeline->Illuminate\\Pipeline\\{closure}(Object(Illuminate\\Http\\Request))
#72 /var/www/vhosts/allqart.com/httpdocs/vendor/laravel/framework/src/Illuminate/Foundation/Http/Middleware/CheckForMaintenanceMode.php(62): Illuminate\\Routing\\Pipeline->Illuminate\\Routing\\{closure}(Object(Illuminate\\Http\\Request))
#73 /var/www/vhosts/allqart.com/httpdocs/vendor/laravel/framework/src/Illuminate/Pipeline/Pipeline.php(163): Illuminate\\Foundation\\Http\\Middleware\\CheckForMaintenanceMode->handle(Object(Illuminate\\Http\\Request), Object(Closure))
#74 /var/www/vhosts/allqart.com/httpdocs/vendor/laravel/framework/src/Illuminate/Routing/Pipeline.php(53): Illuminate\\Pipeline\\Pipeline->Illuminate\\Pipeline\\{closure}(Object(Illuminate\\Http\\Request))
#75 /var/www/vhosts/allqart.com/httpdocs/vendor/laravel/framework/src/Illuminate/Pipeline/Pipeline.php(104): Illuminate\\Routing\\Pipeline->Illuminate\\Routing\\{closure}(Object(Illuminate\\Http\\Request))
#76 /var/www/vhosts/allqart.com/httpdocs/vendor/laravel/framework/src/Illuminate/Foundation/Http/Kernel.php(151): Illuminate\\Pipeline\\Pipeline->then(Object(Closure))
#77 /var/www/vhosts/allqart.com/httpdocs/vendor/laravel/framework/src/Illuminate/Foundation/Http/Kernel.php(116): Illuminate\\Foundation\\Http\\Kernel->sendRequestThroughRouter(Object(Illuminate\\Http\\Request))
#78 /var/www/vhosts/allqart.com/httpdocs/public/index.php(56): Illuminate\\Foundation\\Http\\Kernel->handle(Object(Illuminate\\Http\\Request))
#79 {main}
"} 
[2021-02-28 19:57:29] production.INFO: ............................. Message Sending .....................................  
[2021-02-28 19:57:29] production.INFO: array (
  'subject' => 'Your shop is back to LIVE!',
)  
[2021-02-28 19:57:29] production.INFO: ........................... Message Sent Successfully .................................  
