[2021-05-14 17:24:42] production.INFO: ............................. Message Sending .....................................  
[2021-05-14 17:24:42] production.INFO: array (
  'subject' => 'Verify your Allqart.com: Online Marketplace account!',
)  
[2021-05-14 17:24:42] production.INFO: ........................... Message Sent Successfully .................................  
[2021-05-14 17:24:42] production.INFO: ............................. Message Sending .....................................  
[2021-05-14 17:24:42] production.INFO: array (
  'subject' => 'Your shop is ready to go!',
)  
[2021-05-14 17:24:42] production.INFO: ........................... Message Sent Successfully .................................  
[2021-05-14 17:24:42] production.INFO: ............................. Message Sending .....................................  
[2021-05-14 17:24:42] production.INFO: array (
  'subject' => 'New vendor just registered!',
)  
[2021-05-14 17:24:42] production.INFO: ........................... Message Sent Successfully .................................  
[2021-05-14 17:25:31] production.INFO: ............................. Message Sending .....................................  
[2021-05-14 17:25:31] production.INFO: array (
  'subject' => 'Your shop is back to LIVE!',
)  
[2021-05-14 17:25:31] production.INFO: ........................... Message Sent Successfully .................................  
